<?xml version="1.0"?><coverage lines-covered="379" lines-valid="489" line-rate="0.7750511247443763" branches-covered="0" branches-valid="0" branch-rate="0" complexity="0" version="1.9" timestamp="1785069979"><sources><source>C:\Users\zigav\OneDrive\Dokumenti\GitHub\vietoris-rips-rust</source></sources><packages><package name="src" line-rate="0.7750511247443763" branch-rate="0" complexity="0"><classes></classes></package><package name="src\io" line-rate="0.029411764705882353" branch-rate="0" complexity="0"><classes><class name="csv" filename="src\io\csv.rs" line-rate="0.029411764705882353" branch-rate="0" complexity="0"><methods/><lines><line number="33" hits="0"/><line number="40" hits="0"/><line number="41" hits="0"/><line number="43" hits="0"/><line number="45" hits="0"/><line number="47" hits="0"/><line number="48" hits="0"/><line number="50" hits="0"/><line number="51" hits="0"/><line number="54" hits="0"/><line number="56" hits="0"/><line number="57" hits="0"/><line number="60" hits="0"/><line number="63" hits="0"/><line number="79" hits="0"/><line number="80" hits="0"/><line number="82" hits="0"/><line number="83" hits="92"/><line number="85" hits="0"/><line number="86" hits="0"/><line number="88" hits="0"/><line number="89" hits="0"/><line number="92" hits="0"/><line number="95" hits="0"/><line number="98" hits="0"/><line number="102" hits="0"/><line number="104" hits="0"/><line number="105" hits="0"/><line number="106" hits="0"/><line number="107" hits="0"/><line number="108" hits="0"/><line number="109" hits="0"/><line number="111" hits="0"/><line number="113" hits="0"/></lines></class></classes></package><package name="src\geometry\seb" line-rate="0.976" branch-rate="0" complexity="0"><classes><class name="fischer" filename="src\geometry\seb\fischer.rs" line-rate="0" branch-rate="0" complexity="0"><methods/><lines><line number="4" hits="0"/></lines></class><class name="gartner" filename="src\geometry\seb\gartner.rs" line-rate="0" branch-rate="0" complexity="0"><methods/><lines><line number="5" hits="0"/></lines></class><class name="larsson" filename="src\geometry\seb\larsson.rs" line-rate="1" branch-rate="0" complexity="0"><methods/><lines><line number="29" hits="1873497444986126337"/><line number="33" hits="3746994889972252674"/><line number="34" hits="5620492334958379011"/><line number="36" hits="11240984669916758022"/><line number="37" hits="9367487224930631685"/><line number="39" hits="11240984669916758022"/><line number="41" hits="5620492334958379011"/><line number="42" hits="5620492334958379011"/><line number="45" hits="3530822107858468864"/><line number="46" hits="13186539708940812288"/><line number="47" hits="1873497444986126337"/><line number="50" hits="10088063165309911036"/><line number="51" hits="12610078956637388795"/><line number="52" hits="17654110539292344313"/><line number="56" hits="2522015791327477761"/><line number="61" hits="10232178353385766912"/><line number="62" hits="2449958197289549824"/><line number="63" hits="2522015791327477761"/><line number="65" hits="16068843470457929723"/><line number="69" hits="13114482114902884352"/><line number="73" hits="7782220156096217088"/><line number="74" hits="2449958197289549824"/><line number="75" hits="17005592192950992895"/><line number="76" hits="9223372036854775803"/><line number="77" hits="10520408729537478658"/><line number="78" hits="2594073385365405702"/><line number="79" hits="2594073385365405702"/><line number="82" hits="13114482114902884352"/><line number="85" hits="8142508126285856768"/><line number="89" hits="5980780305148018688"/><line number="90" hits="11889503016258109440"/><line number="91" hits="10520408729537478656"/><line number="92" hits="16573246628723425282"/><line number="93" hits="2522015791327477762"/><line number="94" hits="2522015791327477762"/><line number="97" hits="5980780305148018688"/><line number="100" hits="1873497444986126336"/><line number="101" hits="3746994889972252672"/><line number="102" hits="5620492334958379008"/><line number="103" hits="1873497444986126336"/><line number="106" hits="13114482114902884457"/><line number="107" hits="2449958197289550139"/><line number="108" hits="15564440312192434596"/><line number="109" hits="10232178353385767437"/></lines></class><class name="welzl" filename="src\geometry\seb\welzl.rs" line-rate="0.9873417721518988" branch-rate="0" complexity="0"><methods/><lines><line number="33" hits="6557241057451442177"/><line number="37" hits="1224979098644774915"/><line number="38" hits="13114482114902884354"/><line number="40" hits="7782220156096217092"/><line number="47" hits="9007199254740992001"/><line number="51" hits="17582052945254416388"/><line number="53" hits="7493989779944505343"/><line number="54" hits="1441151880758558733"/><line number="57" hits="7926335344172072957"/><line number="58" hits="16212958658533785599"/><line number="59" hits="14843864371813154816"/><line number="61" hits="216172782113783808"/><line number="62" hits="7998392938210000911"/><line number="65" hits="7349874591868649463"/><line number="66" hits="12249790986447749105"/><line number="67" hits="4899916394579099642"/><line number="69" hits="7349874591868649463"/><line number="71" hits="8791026472627208191"/><line number="74" hits="2449958197289549839"/><line number="75" hits="4899916394579099678"/><line number="78" hits="9007199254740992004"/><line number="83" hits="18014398509481984008"/><line number="84" hits="14843864371813154822"/><line number="85" hits="15852670688344145932"/><line number="87" hits="2738188573441261568"/><line number="88" hits="1369094286720630784"/><line number="89" hits="2738188573441261568"/><line number="90" hits="1369094286720630784"/><line number="92" hits="8646911284551352352"/><line number="93" hits="7493989779944505368"/><line number="102" hits="8646911284551352323"/><line number="107" hits="16140901064495857676"/><line number="108" hits="7493989779944505353"/><line number="110" hits="10376293541461622809"/><line number="111" hits="1152921504606847015"/><line number="114" hits="7493989779944505353"/><line number="115" hits="7493989779944505353"/><line number="117" hits="7493989779944505353"/><line number="119" hits="7493989779944505353"/><line number="120" hits="2522015791327477782"/><line number="121" hits="8718968878589280355"/><line number="122" hits="6196953087261802534"/><line number="125" hits="6341068275337658383"/><line number="127" hits="6341068275337658383"/><line number="130" hits="16140901064495857676"/><line number="133" hits="16140901064495857676"/><line number="136" hits="7493989779944505353"/><line number="137" hits="17293822569102704646"/><line number="138" hits="7493989779944505353"/><line number="141" hits="8646911284551352328"/><line number="142" hits="16140901064495857696"/><line number="143" hits="7493989779944505368"/><line number="144" hits="17293822569102704656"/><line number="146" hits="216172782113783848"/><line number="148" hits="16140901064495857696"/><line number="153" hits="8791026472627208192"/><line number="157" hits="7926335344172072960"/><line number="158" hits="17582052945254416384"/><line number="160" hits="7926335344172072960"/><line number="161" hits="2161727821137838084"/><line number="164" hits="7926335344172072960"/><line number="165" hits="2954361355555045377"/><line number="167" hits="12538021362599460872"/><line number="168" hits="14411518807585587208"/><line number="169" hits="5332261958806667388"/><line number="170" hits="0"/><line number="171" hits="3026418949592973276"/><line number="172" hits="3026418949592973420"/><line number="174" hits="6052837899185946468"/><line number="177" hits="7710162562058289157"/><line number="180" hits="15636497906230362116"/><line number="181" hits="17365880163140632580"/><line number="182" hits="2954361355555045394"/><line number="184" hits="10376293541461622756"/><line number="186" hits="17582052945254416384"/><line number="188" hits="7926335344172072960"/><line number="189" hits="7926335344172072960"/><line number="191" hits="15852670688344145920"/><line number="193" hits="7926335344172072960"/></lines></class></classes></package><package name="examples" line-rate="0" branch-rate="0" complexity="0"><classes></classes></package><package name="src\topology" line-rate="0.9512195121951219" branch-rate="0" complexity="0"><classes><class name="filtration" filename="src\topology\filtration.rs" line-rate="0.9047619047619048" branch-rate="0" complexity="0"><methods/><lines><line number="17" hits="720575940379279360"/><line number="22" hits="288230376151711744"/><line number="23" hits="576460752303423488"/><line number="27" hits="0"/><line number="28" hits="0"/><line number="32" hits="432345564227567616"/><line number="33" hits="5476377146882523142"/><line number="37" hits="288230376151711754"/><line number="38" hits="288230376151711754"/><line number="39" hits="288230376151711754"/><line number="40" hits="2594073385365405706"/><line number="41" hits="288230376151711754"/><line number="50" hits="1585267068834414592"/><line number="51" hits="4755801206503243776"/><line number="52" hits="8070450532247928832"/><line number="53" hits="12970366926827028480"/><line number="54" hits="13835058055282163726"/><line number="56" hits="18446744073709551612"/><line number="58" hits="1585267068834414592"/><line number="67" hits="9"/><line number="69" hits="9"/></lines></class><class name="simplex" filename="src\topology\simplex.rs" line-rate="1" branch-rate="0" complexity="0"><methods/><lines><line number="28" hits="360287970189639680"/><line number="29" hits="360287970189639680"/><line number="37" hits="1"/><line number="38" hits="3"/><line number="49" hits="13330654897016668224"/><line number="50" hits="8214565720323784832"/><line number="51" hits="13330654897016668224"/><line number="59" hits="9007199254740992016"/><line number="60" hits="9007199254740992016"/><line number="67" hits="216172782113783811"/><line number="68" hits="432345564227567622"/><line number="69" hits="648518346341351433"/><line number="70" hits="648518346341351424"/><line number="71" hits="1297036692682702839"/><line number="72" hits="1297036692682702839"/><line number="73" hits="432345564227567613"/><line number="74" hits="1080863910568919031"/><line number="75" hits="1080863910568919031"/><line number="76" hits="1080863910568919031"/><line number="79" hits="216172782113783811"/></lines></class></classes></package><package name="src\algebra" line-rate="0.4537037037037037" branch-rate="0" complexity="0"><classes><class name="discretisation" filename="src\algebra\discretisation.rs" line-rate="0" branch-rate="0" complexity="0"><methods/><lines><line number="46" hits="0"/><line number="47" hits="0"/><line number="49" hits="0"/><line number="50" hits="0"/><line number="52" hits="0"/><line number="53" hits="0"/><line number="56" hits="0"/><line number="60" hits="0"/><line number="61" hits="0"/><line number="64" hits="0"/><line number="67" hits="0"/><line number="69" hits="0"/><line number="70" hits="0"/><line number="71" hits="0"/><line number="73" hits="0"/><line number="74" hits="0"/><line number="76" hits="0"/><line number="77" hits="0"/><line number="78" hits="0"/><line number="82" hits="0"/><line number="84" hits="0"/><line number="87" hits="0"/><line number="90" hits="0"/><line number="91" hits="0"/><line number="92" hits="0"/><line number="96" hits="0"/><line number="131" hits="0"/><line number="132" hits="0"/></lines></class><class name="matrices" filename="src\algebra\matrices.rs" line-rate="1" branch-rate="0" complexity="0"><methods/><lines><line number="37" hits="504403158265495554"/><line number="38" hits="3242591731706757118"/><line number="39" hits="2738188573441261564"/><line number="40" hits="1369094286720630782"/><line number="50" hits="360287970189639680"/><line number="51" hits="360287970189639680"/><line number="59" hits="504403158265495552"/><line number="60" hits="1513209474796486656"/><line number="63" hits="3026418949592973312"/><line number="66" hits="1513209474796486656"/><line number="68" hits="1945555039024054272"/><line number="69" hits="4323455642275676160"/><line number="72" hits="4179340454199820288"/><line number="73" hits="360287970189639680"/><line number="78" hits="3458764513820540928"/><line number="80" hits="4107282860161892352"/><line number="81" hits="1297036692682702848"/><line number="84" hits="1297036692682702848"/><line number="85" hits="1945555039024054272"/><line number="87" hits="5044031582654955520"/><line number="88" hits="2810246167479189504"/><line number="89" hits="144115188075855872"/><line number="90" hits="432345564227567616"/><line number="91" hits="144115188075855872"/><line number="93" hits="144115188075855872"/><line number="94" hits="432345564227567616"/><line number="95" hits="144115188075855872"/><line number="97" hits="648518346341351424"/><line number="98" hits="648518346341351424"/><line number="99" hits="648518346341351424"/><line number="104" hits="1945555039024054272"/><line number="105" hits="1945555039024054272"/><line number="107" hits="1297036692682702848"/><line number="109" hits="1080863910568919040"/><line number="110" hits="4323455642275676160"/><line number="111" hits="1080863910568919040"/><line number="115" hits="2882303761517117440"/><line number="118" hits="1008806316530991104"/><line number="119" hits="1008806316530991104"/><line number="121" hits="1945555039024054272"/><line number="122" hits="3242591731706757120"/><line number="123" hits="360287970189639680"/><line number="125" hits="1080863910568919040"/><line number="129" hits="504403158265495552"/><line number="132" hits="504403158265495552"/><line number="141" hits="360287970189639680"/><line number="142" hits="360287970189639680"/><line number="143" hits="360287970189639680"/><line number="145" hits="2377900603251621932"/></lines></class><class name="persistence" filename="src\algebra\persistence.rs" line-rate="0" branch-rate="0" complexity="0"><methods/><lines><line number="20" hits="0"/><line number="21" hits="0"/><line number="25" hits="0"/><line number="26" hits="0"/><line number="42" hits="0"/><line number="43" hits="0"/><line number="45" hits="0"/><line number="63" hits="0"/><line number="67" hits="0"/><line number="70" hits="0"/><line number="73" hits="0"/><line number="74" hits="0"/><line number="75" hits="0"/><line number="77" hits="0"/><line number="79" hits="0"/><line number="80" hits="0"/><line number="81" hits="0"/><line number="82" hits="0"/><line number="90" hits="0"/><line number="91" hits="0"/><line number="92" hits="0"/><line number="94" hits="0"/><line number="95" hits="0"/><line number="96" hits="0"/><line number="97" hits="0"/><line number="98" hits="0"/><line number="104" hits="0"/><line number="119" hits="0"/><line number="120" hits="0"/><line number="122" hits="0"/><line number="123" hits="0"/></lines></class></classes></package><package name="src\construction" line-rate="0.9210526315789473" branch-rate="0" complexity="0"><classes><class name="builder" filename="src\construction\builder.rs" line-rate="1" branch-rate="0" complexity="0"><methods/><lines><line number="39" hits="720575940379279360"/><line number="43" hits="2161727821137838080"/><line number="44" hits="2161727821137838080"/><line number="45" hits="2161727821137838080"/><line number="47" hits="2161727821137838080"/><line number="48" hits="13979173243358019589"/><line number="49" hits="7638104968020361216"/><line number="50" hits="6341068275337658368"/><line number="57" hits="1441151880758558720"/><line number="69" hits="5908722711110090752"/><line number="70" hits="11096869481840902144"/><line number="92" hits="720575940379279360"/><line number="101" hits="2161727821137838080"/><line number="103" hits="1441151880758558720"/><line number="104" hits="2738188573441261568"/><line number="105" hits="5188146770730811392"/><line number="106" hits="9079256848778919936"/><line number="108" hits="2594073385365405696"/><line number="109" hits="16285016252571713533"/><line number="111" hits="13835058055282163724"/><line number="113" hits="14627691589699371012"/><line number="114" hits="15060037153926938627"/><line number="116" hits="5764607523034234892"/><line number="117" hits="5764607523034234895"/><line number="119" hits="3458764513820540931"/><line number="122" hits="720575940379279360"/><line number="130" hits="576460752303423488"/><line number="131" hits="5764607523034234881"/><line number="132" hits="4611686018427387905"/><line number="133" hits="9223372036854775810"/><line number="134" hits="4611686018427387905"/><line number="135" hits="4"/><line number="136" hits="4"/></lines></class><class name="cech" filename="src\construction\cech.rs" line-rate="0.75" branch-rate="0" complexity="0"><methods/><lines><line number="32" hits="288230376151711744"/><line number="41" hits="1152921504606846976"/><line number="42" hits="1152921504606846976"/><line number="43" hits="864691128455135232"/><line number="45" hits="1729382256910270464"/><line number="46" hits="288230376151711744"/><line number="47" hits="0"/><line number="50" hits="576460752303423488"/><line number="51" hits="144115188075855872"/><line number="54" hits="648518346341351424"/><line number="55" hits="216172782113783808"/><line number="57" hits="0"/><line number="60" hits="864691128455135232"/><line number="62" hits="432345564227567616"/><line number="63" hits="432345564227567616"/><line number="70" hits="288230376151711744"/><line number="78" hits="1152921504606846976"/><line number="81" hits="0"/><line number="85" hits="0"/><line number="86" hits="0"/><line number="87" hits="0"/><line number="89" hits="0"/><line number="93" hits="4683743612465315840"/><line number="97" hits="14051230837395947520"/><line number="98" hits="288230376151711744"/><line number="99" hits="9367487224930631680"/><line number="100" hits="8646911284551352321"/><line number="102" hits="14483576401623515135"/></lines></class><class name="cliques" filename="src\construction\cliques.rs" line-rate="1" branch-rate="0" complexity="0"><methods/><lines><line number="25" hits="576460752303423493"/><line number="40" hits="576460752303423493"/><line number="41" hits="1152921504606846986"/><line number="42" hits="576460752303423493"/><line number="43" hits="576460752303423493"/><line number="44" hits="576460752303423493"/><line number="75" hits="1873497444986126336"/><line number="84" hits="1873497444986126336"/><line number="85" hits="14843864371813154828"/><line number="86" hits="14699749183737298956"/><line number="87" hits="9223372036854775808"/><line number="91" hits="13402712491054596089"/><line number="92" hits="12682136550675316739"/><line number="95" hits="11961560610296037374"/><line number="96" hits="2882303761517117440"/><line number="98" hits="1441151880758558720"/><line number="99" hits="2882303761517117440"/><line number="100" hits="1441151880758558720"/><line number="101" hits="1441151880758558720"/><line number="102" hits="1441151880758558720"/><line number="104" hits="9943947977234055168"/><line number="125" hits="1297036692682702848"/><line number="126" hits="6485183463413514240"/><line number="127" hits="3891110078048108544"/><line number="128" hits="3891110078048108544"/><line number="129" hits="16429131440647569451"/><line number="130" hits="11817445422220181508"/><line number="131" hits="12826251738751172644"/><line number="132" hits="12826251738751172644"/><line number="134" hits="17437937757178560480"/><line number="135" hits="1008806316530991109"/><line number="136" hits="1008806316530991109"/><line number="138" hits="12393906174523604881"/><line number="139" hits="16429131440647569371"/><line number="140" hits="16429131440647569371"/><line number="142" hits="1297036692682702848"/></lines></class><class name="rips" filename="src\construction\rips.rs" line-rate="0.8823529411764706" branch-rate="0" complexity="0"><methods/><lines><line number="33" hits="432345564227567619"/><line number="41" hits="1297036692682702857"/><line number="42" hits="1729382256910270476"/><line number="44" hits="2161727821137838095"/><line number="45" hits="432345564227567619"/><line number="46" hits="0"/><line number="49" hits="864691128455135238"/><line number="50" hits="144115188075855878"/><line number="53" hits="1441151880758558720"/><line number="55" hits="720575940379279360"/><line number="56" hits="720575940379279360"/><line number="59" hits="6413125869375586305"/><line number="63" hits="12826251738751172610"/><line number="64" hits="3602879701896396802"/><line number="65" hits="0"/><line number="66" hits="17509995351216488448"/><line number="68" hits="6413125869375586305"/></lines></class></classes></package><package name="src\geometry" line-rate="0.9635416666666666" branch-rate="0" complexity="0"><classes><class name="ball" filename="src\geometry\ball.rs" line-rate="1" branch-rate="0" complexity="0"><methods/><lines><line number="15" hits="14195346025471803405"/><line number="20" hits="144115188075855872"/><line number="21" hits="144115188075855872"/><line number="25" hits="15204152342002794518"/><line number="26" hits="15204152342002794518"/></lines></class><class name="points" filename="src\geometry\points.rs" line-rate="0.9272727272727272" branch-rate="0" complexity="0"><methods/><lines><line number="15" hits="13042424520864956458"/><line number="17" hits="13042424520864956458"/><line number="22" hits="10448351135499550720"/><line number="23" hits="2449958197289549824"/><line number="27" hits="10448351135499550720"/><line number="28" hits="10448351135499550720"/><line number="32" hits="1873497444986126345"/><line number="33" hits="5044031582654955612"/><line number="37" hits="18086456103519911945"/><line number="38" hits="17365880163140632603"/><line number="42" hits="1801439850948198403"/><line number="43" hits="5404319552844595209"/><line number="44" hits="1801439850948198403"/><line number="45" hits="3602879701896396806"/><line number="52" hits="17942340915444056086"/><line number="53" hits="16933534598913065026"/><line number="54" hits="17437937757178560556"/><line number="55" hits="17942340915444056086"/><line number="62" hits="16068843470457929733"/><line number="63" hits="11313042263954685967"/><line number="64" hits="13690942867206307850"/><line number="65" hits="16068843470457929733"/><line number="87" hits="9511602413006487617"/><line number="88" hits="576460752303423618"/><line number="89" hits="1"/><line number="90" hits="1"/><line number="91" hits="1"/><line number="92" hits="1"/><line number="96" hits="10088063165309911232"/><line number="97" hits="7638104968020361347"/><line number="98" hits="64"/><line number="101" hits="9511602413006487552"/><line number="102" hits="576460752303423488"/><line number="103" hits="9511602413006487552"/><line number="104" hits="9511602413006487552"/><line number="109" hits="2017612633061982246"/><line number="110" hits="4035225266123964492"/><line number="114" hits="0"/><line number="115" hits="0"/><line number="119" hits="15348267530078650369"/><line number="120" hits="15348267530078650369"/><line number="124" hits="16357073846609641480"/><line number="125" hits="16357073846609641480"/><line number="129" hits="8646911284551352324"/><line number="130" hits="8646911284551352324"/><line number="139" hits="1080863910568919041"/><line number="140" hits="4323455642275676164"/><line number="144" hits="10448351135499550721"/><line number="145" hits="2449958197289549826"/><line number="146" hits="6557241057451442185"/><line number="148" hits="9295429630892703744"/><line number="157" hits="2954361355555045397"/><line number="158" hits="14771806777775226985"/><line number="162" hits="0"/><line number="163" hits="0"/></lines></class><class name="space" filename="src\geometry\space.rs" line-rate="1" branch-rate="0" complexity="0"><methods/><lines><line number="29" hits="1080863910568919110"/><line number="30" hits="2161727821137838220"/><line number="31" hits="3242591731706757330"/><line number="36" hits="6989586621679009813"/><line number="37" hits="16501189034685497449"/><line number="52" hits="6989586621679009795"/><line number="53" hits="2522015791327477769"/></lines></class></classes></package></packages></coverage>