SF:C:\Users\zigav\OneDrive\Dokumenti\GitHub\vietoris-rips-rust\src\algebra\discretisation.rs
FN:28,_RNCNvNtNtCsiFWkA3lsyOJ_19persistent_homology7algebra14discretisation23build_boundary_matrices0B7_
FN:64,_RNCNvNtNtCsiFWkA3lsyOJ_19persistent_homology7algebra14discretisation24reduce_boundary_matrices0B7_
FN:28,_RNCNvNtNtCs8dwNsLmi5Ta_19persistent_homology7algebra14discretisation23build_boundary_matrices0B7_
FN:64,_RNCNvNtNtCs8dwNsLmi5Ta_19persistent_homology7algebra14discretisation24reduce_boundary_matrices0B7_
FN:10,_RNvNtNtCs8dwNsLmi5Ta_19persistent_homology7algebra14discretisation23build_boundary_matrices
FN:63,_RNvNtNtCs8dwNsLmi5Ta_19persistent_homology7algebra14discretisation24reduce_boundary_matrices
FNDA:0,_RNCNvNtNtCsiFWkA3lsyOJ_19persistent_homology7algebra14discretisation23build_boundary_matrices0B7_
FNDA:0,_RNCNvNtNtCsiFWkA3lsyOJ_19persistent_homology7algebra14discretisation24reduce_boundary_matrices0B7_
FNDA:0,_RNCNvNtNtCs8dwNsLmi5Ta_19persistent_homology7algebra14discretisation23build_boundary_matrices0B7_
FNDA:0,_RNCNvNtNtCs8dwNsLmi5Ta_19persistent_homology7algebra14discretisation24reduce_boundary_matrices0B7_
FNDA:0,_RNvNtNtCs8dwNsLmi5Ta_19persistent_homology7algebra14discretisation23build_boundary_matrices
FNDA:0,_RNvNtNtCs8dwNsLmi5Ta_19persistent_homology7algebra14discretisation24reduce_boundary_matrices
FNF:4
FNH:0
DA:10,0
DA:11,0
DA:13,0
DA:14,0
DA:16,0
DA:17,0
DA:18,0
DA:20,0
DA:24,0
DA:25,0
DA:26,0
DA:27,0
DA:28,0
DA:29,0
DA:31,0
DA:33,0
DA:34,0
DA:35,0
DA:37,0
DA:38,0
DA:40,0
DA:41,0
DA:42,0
DA:43,0
DA:46,0
DA:48,0
DA:51,0
DA:54,0
DA:55,0
DA:56,0
DA:57,0
DA:60,0
DA:61,0
DA:63,0
DA:64,0
DA:65,0
BRF:0
BRH:0
LF:38
LH:0
end_of_record
SF:C:\Users\zigav\OneDrive\Dokumenti\GitHub\vietoris-rips-rust\src\algebra\matrices.rs
FN:122,_RNCNvMNtNtCsiFWkA3lsyOJ_19persistent_homology7algebra8matricesNtB4_14BoundaryMatrix4rank0B8_
FN:18,_RNvMNtNtCsiFWkA3lsyOJ_19persistent_homology7algebra8matricesNtB2_14BoundaryMatrix3new
FN:118,_RNvMNtNtCsiFWkA3lsyOJ_19persistent_homology7algebra8matricesNtB2_14BoundaryMatrix4rank
FN:36,_RNvMNtNtCsiFWkA3lsyOJ_19persistent_homology7algebra8matricesNtB2_14BoundaryMatrix6reduce
FN:32,_RNvMNtNtCsiFWkA3lsyOJ_19persistent_homology7algebra8matricesNtB2_14BoundaryMatrix7columns
FN:122,_RNCNvMNtNtCs8dwNsLmi5Ta_19persistent_homology7algebra8matricesNtB4_14BoundaryMatrix4rank0B8_
FN:133,_RNvNtNtNtCs8dwNsLmi5Ta_19persistent_homology7algebra8matrices5tests20test_boundary_matrix
FN:139,_RNvNtNtNtCs8dwNsLmi5Ta_19persistent_homology7algebra8matrices5testss_25test_new_sorts_and_dedups
FN:161,_RNvNtNtNtCs8dwNsLmi5Ta_19persistent_homology7algebra8matrices5testss_25test_rank_full_dependency
FN:153,_RNvNtNtNtCs8dwNsLmi5Ta_19persistent_homology7algebra8matrices5testss_27test_rank_single_dependency
FN:178,_RNvNtNtNtCs8dwNsLmi5Ta_19persistent_homology7algebra8matrices5testss_29test_pivots_are_valid_indices
FN:146,_RNvNtNtNtCs8dwNsLmi5Ta_19persistent_homology7algebra8matrices5testss_29test_rank_independent_columns
FN:189,_RNvNtNtNtCs8dwNsLmi5Ta_19persistent_homology7algebra8matrices5testss_31test_rank_never_exceeds_columns
FN:168,_RNvNtNtNtCs8dwNsLmi5Ta_19persistent_homology7algebra8matrices5testss_39test_reduce_pivots_consistent_with_rank
FN:18,_RNvMNtNtCs8dwNsLmi5Ta_19persistent_homology7algebra8matricesNtB2_14BoundaryMatrix3new
FN:118,_RNvMNtNtCs8dwNsLmi5Ta_19persistent_homology7algebra8matricesNtB2_14BoundaryMatrix4rank
FN:36,_RNvMNtNtCs8dwNsLmi5Ta_19persistent_homology7algebra8matricesNtB2_14BoundaryMatrix6reduce
FN:32,_RNvMNtNtCs8dwNsLmi5Ta_19persistent_homology7algebra8matricesNtB2_14BoundaryMatrix7columns
FN:171,_RNCNvNtNtNtCs8dwNsLmi5Ta_19persistent_homology7algebra8matrices5testss_39test_reduce_pivots_consistent_with_rank0B9_
FNDA:0,_RNCNvMNtNtCsiFWkA3lsyOJ_19persistent_homology7algebra8matricesNtB4_14BoundaryMatrix4rank0B8_
FNDA:0,_RNvMNtNtCsiFWkA3lsyOJ_19persistent_homology7algebra8matricesNtB2_14BoundaryMatrix3new
FNDA:0,_RNvMNtNtCsiFWkA3lsyOJ_19persistent_homology7algebra8matricesNtB2_14BoundaryMatrix4rank
FNDA:0,_RNvMNtNtCsiFWkA3lsyOJ_19persistent_homology7algebra8matricesNtB2_14BoundaryMatrix6reduce
FNDA:0,_RNvMNtNtCsiFWkA3lsyOJ_19persistent_homology7algebra8matricesNtB2_14BoundaryMatrix7columns
FNDA:14,_RNCNvMNtNtCs8dwNsLmi5Ta_19persistent_homology7algebra8matricesNtB4_14BoundaryMatrix4rank0B8_
FNDA:7,_RNvNtNtNtCs8dwNsLmi5Ta_19persistent_homology7algebra8matrices5tests20test_boundary_matrix
FNDA:1,_RNvNtNtNtCs8dwNsLmi5Ta_19persistent_homology7algebra8matrices5testss_25test_new_sorts_and_dedups
FNDA:1,_RNvNtNtNtCs8dwNsLmi5Ta_19persistent_homology7algebra8matrices5testss_25test_rank_full_dependency
FNDA:1,_RNvNtNtNtCs8dwNsLmi5Ta_19persistent_homology7algebra8matrices5testss_27test_rank_single_dependency
FNDA:1,_RNvNtNtNtCs8dwNsLmi5Ta_19persistent_homology7algebra8matrices5testss_29test_pivots_are_valid_indices
FNDA:1,_RNvNtNtNtCs8dwNsLmi5Ta_19persistent_homology7algebra8matrices5testss_29test_rank_independent_columns
FNDA:1,_RNvNtNtNtCs8dwNsLmi5Ta_19persistent_homology7algebra8matrices5testss_31test_rank_never_exceeds_columns
FNDA:1,_RNvNtNtNtCs8dwNsLmi5Ta_19persistent_homology7algebra8matrices5testss_39test_reduce_pivots_consistent_with_rank
FNDA:7,_RNvMNtNtCs8dwNsLmi5Ta_19persistent_homology7algebra8matricesNtB2_14BoundaryMatrix3new
FNDA:5,_RNvMNtNtCs8dwNsLmi5Ta_19persistent_homology7algebra8matricesNtB2_14BoundaryMatrix4rank
FNDA:7,_RNvMNtNtCs8dwNsLmi5Ta_19persistent_homology7algebra8matricesNtB2_14BoundaryMatrix6reduce
FNDA:5,_RNvMNtNtCs8dwNsLmi5Ta_19persistent_homology7algebra8matricesNtB2_14BoundaryMatrix7columns
FNDA:3,_RNCNvNtNtNtCs8dwNsLmi5Ta_19persistent_homology7algebra8matrices5testss_39test_reduce_pivots_consistent_with_rank0B9_
FNF:14
FNH:14
DA:18,7
DA:19,7
DA:21,19
DA:22,19
DA:23,19
DA:24,19
DA:26,7
DA:27,7
DA:28,7
DA:29,7
DA:30,7
DA:32,5
DA:33,5
DA:34,5
DA:36,7
DA:37,7
DA:40,7
DA:43,7
DA:45,20
DA:46,20
DA:49,29
DA:50,5
DA:51,24
DA:55,24
DA:57,24
DA:58,9
DA:61,9
DA:62,9
DA:64,22
DA:65,13
DA:66,2
DA:67,2
DA:68,2
DA:69,2
DA:70,2
DA:71,2
DA:72,2
DA:73,2
DA:74,9
DA:75,9
DA:76,9
DA:77,9
DA:81,9
DA:82,9
DA:84,9
DA:86,15
DA:87,15
DA:88,15
DA:92,20
DA:95,7
DA:96,7
DA:98,20
DA:99,20
DA:100,5
DA:101,15
DA:102,15
DA:103,15
DA:106,7
DA:108,7
DA:109,7
DA:110,7
DA:111,7
DA:112,7
DA:113,7
DA:114,7
DA:115,7
DA:118,5
DA:119,5
DA:120,5
DA:121,5
DA:122,14
DA:123,5
DA:124,5
DA:133,7
DA:134,7
DA:135,7
DA:136,7
DA:139,1
DA:140,1
DA:142,1
DA:143,1
DA:146,1
DA:147,1
DA:149,1
DA:150,1
DA:153,1
DA:155,1
DA:157,1
DA:158,1
DA:161,1
DA:162,1
DA:164,1
DA:165,1
DA:168,1
DA:169,1
DA:171,3
DA:172,1
DA:174,1
DA:175,1
DA:178,1
DA:179,1
DA:181,1
DA:183,3
DA:184,3
DA:186,1
DA:189,1
DA:190,1
DA:192,1
DA:193,1
BRF:0
BRH:0
LF:111
LH:111
end_of_record
SF:C:\Users\zigav\OneDrive\Dokumenti\GitHub\vietoris-rips-rust\src\algebra\persistence.rs
FN:18,_RNCNCNvMNtNtCsiFWkA3lsyOJ_19persistent_homology7algebra11persistenceNtB6_18PersistenceDiagram8betti_at00Ba_
FN:18,_RNCNvMNtNtCsiFWkA3lsyOJ_19persistent_homology7algebra11persistenceNtB4_18PersistenceDiagram8betti_at0B8_
FN:18,_RNCNCNvMNtNtCs8dwNsLmi5Ta_19persistent_homology7algebra11persistenceNtB6_18PersistenceDiagram8betti_at00Ba_
FN:18,_RNCNvMNtNtCs8dwNsLmi5Ta_19persistent_homology7algebra11persistenceNtB4_18PersistenceDiagram8betti_at0B8_
FN:15,_RNvMNtNtCs8dwNsLmi5Ta_19persistent_homology7algebra11persistenceNtB2_18PersistenceDiagram8betti_at
FN:23,_RNvNtNtCs8dwNsLmi5Ta_19persistent_homology7algebra11persistence19compute_persistence
FN:67,_RNvNtNtCs8dwNsLmi5Ta_19persistent_homology7algebra11persistence27compute_persistence_diagram
FNDA:0,_RNCNCNvMNtNtCsiFWkA3lsyOJ_19persistent_homology7algebra11persistenceNtB6_18PersistenceDiagram8betti_at00Ba_
FNDA:0,_RNCNvMNtNtCsiFWkA3lsyOJ_19persistent_homology7algebra11persistenceNtB4_18PersistenceDiagram8betti_at0B8_
FNDA:0,_RNCNCNvMNtNtCs8dwNsLmi5Ta_19persistent_homology7algebra11persistenceNtB6_18PersistenceDiagram8betti_at00Ba_
FNDA:0,_RNCNvMNtNtCs8dwNsLmi5Ta_19persistent_homology7algebra11persistenceNtB4_18PersistenceDiagram8betti_at0B8_
FNDA:0,_RNvMNtNtCs8dwNsLmi5Ta_19persistent_homology7algebra11persistenceNtB2_18PersistenceDiagram8betti_at
FNDA:0,_RNvNtNtCs8dwNsLmi5Ta_19persistent_homology7algebra11persistence19compute_persistence
FNDA:0,_RNvNtNtCs8dwNsLmi5Ta_19persistent_homology7algebra11persistence27compute_persistence_diagram
FNF:5
FNH:0
DA:15,0
DA:16,0
DA:17,0
DA:18,0
DA:19,0
DA:20,0
DA:23,0
DA:24,0
DA:25,0
DA:26,0
DA:27,0
DA:30,0
DA:33,0
DA:34,0
DA:35,0
DA:36,0
DA:37,0
DA:38,0
DA:39,0
DA:40,0
DA:41,0
DA:42,0
DA:43,0
DA:44,0
DA:50,0
DA:51,0
DA:52,0
DA:54,0
DA:55,0
DA:56,0
DA:57,0
DA:58,0
DA:59,0
DA:60,0
DA:61,0
DA:64,0
DA:65,0
DA:67,0
DA:68,0
DA:70,0
DA:71,0
DA:72,0
DA:74,0
DA:75,0
BRF:0
BRH:0
LF:46
LH:0
end_of_record
SF:C:\Users\zigav\OneDrive\Dokumenti\GitHub\vietoris-rips-rust\src\construction\builder.rs
FN:37,_RINvMNtNtCsiFWkA3lsyOJ_19persistent_homology12construction7builderNtB3_12Construction14traverse_edgesNtNtNtB7_8geometry5space21EuclideanInnerProductECsamuIjRzSJNs_12construction
FN:47,_RNCINvMNtNtCsiFWkA3lsyOJ_19persistent_homology12construction7builderNtB5_12Construction14traverse_edgesNtNtNtB9_8geometry5space21EuclideanInnerProductE0CsamuIjRzSJNs_12construction
FN:65,_RNCINvMNtNtCsiFWkA3lsyOJ_19persistent_homology12construction7builderNtB5_12Construction14traverse_edgesNtNtNtB9_8geometry5space21EuclideanInnerProductEs0_0CsamuIjRzSJNs_12construction
FN:66,_RNCINvMNtNtCsiFWkA3lsyOJ_19persistent_homology12construction7builderNtB5_12Construction14traverse_edgesNtNtNtB9_8geometry5space21EuclideanInnerProductEs1_0CsamuIjRzSJNs_12construction
FN:48,_RNCINvMNtNtCsiFWkA3lsyOJ_19persistent_homology12construction7builderNtB5_12Construction14traverse_edgesNtNtNtB9_8geometry5space21EuclideanInnerProductEs_0CsamuIjRzSJNs_12construction
FN:74,_RNvMNtNtCsiFWkA3lsyOJ_19persistent_homology12construction7builderNtB2_12Construction14sort_simplices
FN:18,_RNvMNtNtCsiFWkA3lsyOJ_19persistent_homology12construction7builderNtB2_12Construction3new
FN:33,_RNvMNtNtCsiFWkA3lsyOJ_19persistent_homology12construction7builderNtB2_12Construction4push
FN:75,_RNCNvMNtNtCsiFWkA3lsyOJ_19persistent_homology12construction7builderNtB4_12Construction14sort_simplices0B8_
FN:37,_RINvMNtNtCs8dwNsLmi5Ta_19persistent_homology12construction7builderNtB3_12Construction14traverse_edgespEB7_
FN:47,_RNCINvMNtNtCs8dwNsLmi5Ta_19persistent_homology12construction7builderNtB5_12Construction14traverse_edgespE0B9_
FN:65,_RNCINvMNtNtCs8dwNsLmi5Ta_19persistent_homology12construction7builderNtB5_12Construction14traverse_edgespEs0_0B9_
FN:66,_RNCINvMNtNtCs8dwNsLmi5Ta_19persistent_homology12construction7builderNtB5_12Construction14traverse_edgespEs1_0B9_
FN:48,_RNCINvMNtNtCs8dwNsLmi5Ta_19persistent_homology12construction7builderNtB5_12Construction14traverse_edgespEs_0B9_
FN:75,_RNCNvMNtNtCs8dwNsLmi5Ta_19persistent_homology12construction7builderNtB4_12Construction14sort_simplices0B8_
FN:74,_RNvMNtNtCs8dwNsLmi5Ta_19persistent_homology12construction7builderNtB2_12Construction14sort_simplices
FN:18,_RNvMNtNtCs8dwNsLmi5Ta_19persistent_homology12construction7builderNtB2_12Construction3new
FN:33,_RNvMNtNtCs8dwNsLmi5Ta_19persistent_homology12construction7builderNtB2_12Construction4push
FN:37,_RINvMNtNtCsiFWkA3lsyOJ_19persistent_homology12construction7builderNtB3_12Construction14traverse_edgesNtNtNtB7_8geometry5space21EuclideanInnerProductECskzxzpGyL7LD_8topology
FN:47,_RNCINvMNtNtCsiFWkA3lsyOJ_19persistent_homology12construction7builderNtB5_12Construction14traverse_edgesNtNtNtB9_8geometry5space21EuclideanInnerProductE0CskzxzpGyL7LD_8topology
FN:65,_RNCINvMNtNtCsiFWkA3lsyOJ_19persistent_homology12construction7builderNtB5_12Construction14traverse_edgesNtNtNtB9_8geometry5space21EuclideanInnerProductEs0_0CskzxzpGyL7LD_8topology
FN:66,_RNCINvMNtNtCsiFWkA3lsyOJ_19persistent_homology12construction7builderNtB5_12Construction14traverse_edgesNtNtNtB9_8geometry5space21EuclideanInnerProductEs1_0CskzxzpGyL7LD_8topology
FN:48,_RNCINvMNtNtCsiFWkA3lsyOJ_19persistent_homology12construction7builderNtB5_12Construction14traverse_edgesNtNtNtB9_8geometry5space21EuclideanInnerProductEs_0CskzxzpGyL7LD_8topology
FNDA:8,_RINvMNtNtCsiFWkA3lsyOJ_19persistent_homology12construction7builderNtB3_12Construction14traverse_edgesNtNtNtB7_8geometry5space21EuclideanInnerProductECsamuIjRzSJNs_12construction
FNDA:80,_RNCINvMNtNtCsiFWkA3lsyOJ_19persistent_homology12construction7builderNtB5_12Construction14traverse_edgesNtNtNtB9_8geometry5space21EuclideanInnerProductE0CsamuIjRzSJNs_12construction
FNDA:298,_RNCINvMNtNtCsiFWkA3lsyOJ_19persistent_homology12construction7builderNtB5_12Construction14traverse_edgesNtNtNtB9_8geometry5space21EuclideanInnerProductEs0_0CsamuIjRzSJNs_12construction
FNDA:298,_RNCINvMNtNtCsiFWkA3lsyOJ_19persistent_homology12construction7builderNtB5_12Construction14traverse_edgesNtNtNtB9_8geometry5space21EuclideanInnerProductEs1_0CsamuIjRzSJNs_12construction
FNDA:80,_RNCINvMNtNtCsiFWkA3lsyOJ_19persistent_homology12construction7builderNtB5_12Construction14traverse_edgesNtNtNtB9_8geometry5space21EuclideanInnerProductEs_0CsamuIjRzSJNs_12construction
FNDA:8,_RNvMNtNtCsiFWkA3lsyOJ_19persistent_homology12construction7builderNtB2_12Construction14sort_simplices
FNDA:10,_RNvMNtNtCsiFWkA3lsyOJ_19persistent_homology12construction7builderNtB2_12Construction3new
FNDA:936,_RNvMNtNtCsiFWkA3lsyOJ_19persistent_homology12construction7builderNtB2_12Construction4push
FNDA:5952,_RNCNvMNtNtCsiFWkA3lsyOJ_19persistent_homology12construction7builderNtB4_12Construction14sort_simplices0B8_
FNDA:0,_RINvMNtNtCs8dwNsLmi5Ta_19persistent_homology12construction7builderNtB3_12Construction14traverse_edgespEB7_
FNDA:0,_RNCINvMNtNtCs8dwNsLmi5Ta_19persistent_homology12construction7builderNtB5_12Construction14traverse_edgespE0B9_
FNDA:0,_RNCINvMNtNtCs8dwNsLmi5Ta_19persistent_homology12construction7builderNtB5_12Construction14traverse_edgespEs0_0B9_
FNDA:0,_RNCINvMNtNtCs8dwNsLmi5Ta_19persistent_homology12construction7builderNtB5_12Construction14traverse_edgespEs1_0B9_
FNDA:0,_RNCINvMNtNtCs8dwNsLmi5Ta_19persistent_homology12construction7builderNtB5_12Construction14traverse_edgespEs_0B9_
FNDA:0,_RNCNvMNtNtCs8dwNsLmi5Ta_19persistent_homology12construction7builderNtB4_12Construction14sort_simplices0B8_
FNDA:0,_RNvMNtNtCs8dwNsLmi5Ta_19persistent_homology12construction7builderNtB2_12Construction14sort_simplices
FNDA:0,_RNvMNtNtCs8dwNsLmi5Ta_19persistent_homology12construction7builderNtB2_12Construction3new
FNDA:0,_RNvMNtNtCs8dwNsLmi5Ta_19persistent_homology12construction7builderNtB2_12Construction4push
FNDA:2,_RINvMNtNtCsiFWkA3lsyOJ_19persistent_homology12construction7builderNtB3_12Construction14traverse_edgesNtNtNtB7_8geometry5space21EuclideanInnerProductECskzxzpGyL7LD_8topology
FNDA:6,_RNCINvMNtNtCsiFWkA3lsyOJ_19persistent_homology12construction7builderNtB5_12Construction14traverse_edgesNtNtNtB9_8geometry5space21EuclideanInnerProductE0CskzxzpGyL7LD_8topology
FNDA:6,_RNCINvMNtNtCsiFWkA3lsyOJ_19persistent_homology12construction7builderNtB5_12Construction14traverse_edgesNtNtNtB9_8geometry5space21EuclideanInnerProductEs0_0CskzxzpGyL7LD_8topology
FNDA:6,_RNCINvMNtNtCsiFWkA3lsyOJ_19persistent_homology12construction7builderNtB5_12Construction14traverse_edgesNtNtNtB9_8geometry5space21EuclideanInnerProductEs1_0CskzxzpGyL7LD_8topology
FNDA:6,_RNCINvMNtNtCsiFWkA3lsyOJ_19persistent_homology12construction7builderNtB5_12Construction14traverse_edgesNtNtNtB9_8geometry5space21EuclideanInnerProductEs_0CskzxzpGyL7LD_8topology
FNF:9
FNH:9
DA:18,10
DA:19,10
DA:20,10
DA:21,10
DA:23,10
DA:24,10
DA:25,10
DA:26,10
DA:27,10
DA:28,10
DA:29,10
DA:30,10
DA:31,10
DA:33,936
DA:34,936
DA:35,936
DA:37,10
DA:38,10
DA:39,10
DA:40,10
DA:41,10
DA:42,10
DA:43,10
DA:44,10
DA:46,10
DA:47,86
DA:48,86
DA:49,86
DA:50,86
DA:52,10
DA:53,786
DA:54,786
DA:55,786
DA:57,786
DA:58,482
DA:59,304
DA:60,304
DA:62,304
DA:63,155
DA:64,155
DA:65,304
DA:66,304
DA:68,304
DA:71,10
DA:72,10
DA:74,8
DA:75,5952
DA:76,5952
DA:77,5952
DA:78,5952
DA:79,5952
DA:80,5952
DA:81,5952
DA:82,8
BRF:0
BRH:0
LF:59
LH:59
end_of_record
SF:C:\Users\zigav\OneDrive\Dokumenti\GitHub\vietoris-rips-rust\src\construction\cech.rs
FN:35,_RINvNtNtCsiFWkA3lsyOJ_19persistent_homology12construction4cech10cech_exactNtNtNtB6_8geometry5space21EuclideanInnerProductECsamuIjRzSJNs_12construction
FN:58,_RINvNtNtCsiFWkA3lsyOJ_19persistent_homology12construction4cech13in_ball_exactNtNtNtB6_8geometry5space21EuclideanInnerProductECsamuIjRzSJNs_12construction
FN:46,_RINvNtNtCsiFWkA3lsyOJ_19persistent_homology12construction4cech14in_ball_approxNtNtNtB6_8geometry5space21EuclideanInnerProductECsamuIjRzSJNs_12construction
FN:5,_RINvNtNtCsiFWkA3lsyOJ_19persistent_homology12construction4cech4cechNtNtNtB6_8geometry5space21EuclideanInnerProductECsamuIjRzSJNs_12construction
FN:35,_RINvNtNtCs8dwNsLmi5Ta_19persistent_homology12construction4cech10cech_exactpEB6_
FN:58,_RINvNtNtCs8dwNsLmi5Ta_19persistent_homology12construction4cech13in_ball_exactpEB6_
FN:46,_RINvNtNtCs8dwNsLmi5Ta_19persistent_homology12construction4cech14in_ball_approxpEB6_
FN:5,_RINvNtNtCs8dwNsLmi5Ta_19persistent_homology12construction4cech4cechpEB6_
FNDA:4,_RINvNtNtCsiFWkA3lsyOJ_19persistent_homology12construction4cech10cech_exactNtNtNtB6_8geometry5space21EuclideanInnerProductECsamuIjRzSJNs_12construction
FNDA:321,_RINvNtNtCsiFWkA3lsyOJ_19persistent_homology12construction4cech13in_ball_exactNtNtNtB6_8geometry5space21EuclideanInnerProductECsamuIjRzSJNs_12construction
FNDA:0,_RINvNtNtCsiFWkA3lsyOJ_19persistent_homology12construction4cech14in_ball_approxNtNtNtB6_8geometry5space21EuclideanInnerProductECsamuIjRzSJNs_12construction
FNDA:4,_RINvNtNtCsiFWkA3lsyOJ_19persistent_homology12construction4cech4cechNtNtNtB6_8geometry5space21EuclideanInnerProductECsamuIjRzSJNs_12construction
FNDA:0,_RINvNtNtCs8dwNsLmi5Ta_19persistent_homology12construction4cech10cech_exactpEB6_
FNDA:0,_RINvNtNtCs8dwNsLmi5Ta_19persistent_homology12construction4cech13in_ball_exactpEB6_
FNDA:0,_RINvNtNtCs8dwNsLmi5Ta_19persistent_homology12construction4cech14in_ball_approxpEB6_
FNDA:0,_RINvNtNtCs8dwNsLmi5Ta_19persistent_homology12construction4cech4cechpEB6_
FNF:4
FNH:3
DA:5,4
DA:6,4
DA:7,4
DA:8,4
DA:9,4
DA:10,4
DA:11,4
DA:12,4
DA:14,4
DA:15,4
DA:16,4
DA:18,4
DA:19,4
DA:20,1
DA:21,3
DA:23,3
DA:24,3
DA:25,3
DA:26,0
DA:27,0
DA:29,3
DA:31,3
DA:32,3
DA:33,4
DA:35,4
DA:36,4
DA:37,4
DA:38,4
DA:39,4
DA:40,4
DA:41,4
DA:43,4
DA:44,4
DA:46,0
DA:47,0
DA:48,0
DA:50,0
DA:51,0
DA:52,0
DA:53,0
DA:54,0
DA:55,0
DA:58,321
DA:59,321
DA:60,321
DA:62,321
DA:63,321
DA:64,321
DA:65,120
DA:66,201
DA:67,201
DA:68,321
BRF:0
BRH:0
LF:52
LH:41
end_of_record
SF:C:\Users\zigav\OneDrive\Dokumenti\GitHub\vietoris-rips-rust\src\construction\cliques.rs
FN:39,_RINvNtNtCsiFWkA3lsyOJ_19persistent_homology12construction7cliques13bron_kerboschNtNtNtB6_8geometry5space21EuclideanInnerProductECsamuIjRzSJNs_12construction
FN:4,_RINvNtNtCsiFWkA3lsyOJ_19persistent_homology12construction7cliques8find_allNtNtNtB6_8geometry5space21EuclideanInnerProductECsamuIjRzSJNs_12construction
FN:75,_RNvNtNtCsiFWkA3lsyOJ_19persistent_homology12construction7cliques20intersection_ordered
FN:39,_RINvNtNtCs8dwNsLmi5Ta_19persistent_homology12construction7cliques13bron_kerboschpEB6_
FN:4,_RINvNtNtCs8dwNsLmi5Ta_19persistent_homology12construction7cliques8find_allpEB6_
FN:75,_RNvNtNtCs8dwNsLmi5Ta_19persistent_homology12construction7cliques20intersection_ordered
FN:39,_RINvNtNtCsiFWkA3lsyOJ_19persistent_homology12construction7cliques13bron_kerboschNtNtNtB6_8geometry5space21EuclideanInnerProductECskzxzpGyL7LD_8topology
FN:4,_RINvNtNtCsiFWkA3lsyOJ_19persistent_homology12construction7cliques8find_allNtNtNtB6_8geometry5space21EuclideanInnerProductECskzxzpGyL7LD_8topology
FNDA:1038,_RINvNtNtCsiFWkA3lsyOJ_19persistent_homology12construction7cliques13bron_kerboschNtNtNtB6_8geometry5space21EuclideanInnerProductECsamuIjRzSJNs_12construction
FNDA:6,_RINvNtNtCsiFWkA3lsyOJ_19persistent_homology12construction7cliques8find_allNtNtNtB6_8geometry5space21EuclideanInnerProductECsamuIjRzSJNs_12construction
FNDA:1042,_RNvNtNtCsiFWkA3lsyOJ_19persistent_homology12construction7cliques20intersection_ordered
FNDA:0,_RINvNtNtCs8dwNsLmi5Ta_19persistent_homology12construction7cliques13bron_kerboschpEB6_
FNDA:0,_RINvNtNtCs8dwNsLmi5Ta_19persistent_homology12construction7cliques8find_allpEB6_
FNDA:0,_RNvNtNtCs8dwNsLmi5Ta_19persistent_homology12construction7cliques20intersection_ordered
FNDA:12,_RINvNtNtCsiFWkA3lsyOJ_19persistent_homology12construction7cliques13bron_kerboschNtNtNtB6_8geometry5space21EuclideanInnerProductECskzxzpGyL7LD_8topology
FNDA:2,_RINvNtNtCsiFWkA3lsyOJ_19persistent_homology12construction7cliques8find_allNtNtNtB6_8geometry5space21EuclideanInnerProductECskzxzpGyL7LD_8topology
FNF:3
FNH:3
DA:4,8
DA:5,8
DA:6,8
DA:7,8
DA:8,8
DA:9,8
DA:18,8
DA:19,8
DA:20,8
DA:21,8
DA:22,8
DA:23,8
DA:25,8
DA:39,1050
DA:40,1050
DA:41,1050
DA:42,1050
DA:43,1050
DA:44,1050
DA:45,1050
DA:46,1050
DA:48,1050
DA:49,666
DA:50,546
DA:51,120
DA:53,384
DA:55,930
DA:56,926
DA:57,510
DA:59,432
DA:60,498
DA:62,1042
DA:63,1042
DA:64,1042
DA:65,1042
DA:66,1042
DA:67,1042
DA:68,1042
DA:69,1042
DA:70,1042
DA:71,1042
DA:72,1042
DA:73,1050
DA:75,1042
DA:76,1042
DA:77,1042
DA:78,1042
DA:79,10166
DA:80,9124
DA:81,1458
DA:82,1458
DA:83,7666
DA:84,7666
DA:85,6670
DA:86,6670
DA:87,996
DA:88,996
DA:89,996
DA:90,996
DA:92,1042
DA:93,1042
BRF:0
BRH:0
LF:61
LH:61
end_of_record
SF:C:\Users\zigav\OneDrive\Dokumenti\GitHub\vietoris-rips-rust\src\construction\rips.rs
FN:29,_RINvNtNtCsiFWkA3lsyOJ_19persistent_homology12construction4rips11rips_radiusNtNtNtB6_8geometry5space21EuclideanInnerProductECsamuIjRzSJNs_12construction
FN:7,_RINvNtNtCsiFWkA3lsyOJ_19persistent_homology12construction4rips13vietoris_ripsNtNtNtB6_8geometry5space21EuclideanInnerProductECsamuIjRzSJNs_12construction
FN:29,_RINvNtNtCs8dwNsLmi5Ta_19persistent_homology12construction4rips11rips_radiuspEB6_
FN:7,_RINvNtNtCs8dwNsLmi5Ta_19persistent_homology12construction4rips13vietoris_ripspEB6_
FN:29,_RINvNtNtCsiFWkA3lsyOJ_19persistent_homology12construction4rips11rips_radiusNtNtNtB6_8geometry5space21EuclideanInnerProductECskzxzpGyL7LD_8topology
FN:7,_RINvNtNtCsiFWkA3lsyOJ_19persistent_homology12construction4rips13vietoris_ripsNtNtNtB6_8geometry5space21EuclideanInnerProductECskzxzpGyL7LD_8topology
FNDA:345,_RINvNtNtCsiFWkA3lsyOJ_19persistent_homology12construction4rips11rips_radiusNtNtNtB6_8geometry5space21EuclideanInnerProductECsamuIjRzSJNs_12construction
FNDA:4,_RINvNtNtCsiFWkA3lsyOJ_19persistent_homology12construction4rips13vietoris_ripsNtNtNtB6_8geometry5space21EuclideanInnerProductECsamuIjRzSJNs_12construction
FNDA:0,_RINvNtNtCs8dwNsLmi5Ta_19persistent_homology12construction4rips11rips_radiuspEB6_
FNDA:0,_RINvNtNtCs8dwNsLmi5Ta_19persistent_homology12construction4rips13vietoris_ripspEB6_
FNDA:0,_RINvNtNtCsiFWkA3lsyOJ_19persistent_homology12construction4rips11rips_radiusNtNtNtB6_8geometry5space21EuclideanInnerProductECskzxzpGyL7LD_8topology
FNDA:2,_RINvNtNtCsiFWkA3lsyOJ_19persistent_homology12construction4rips13vietoris_ripsNtNtNtB6_8geometry5space21EuclideanInnerProductECskzxzpGyL7LD_8topology
FNF:2
FNH:2
DA:7,6
DA:8,6
DA:9,6
DA:10,6
DA:11,6
DA:12,6
DA:13,6
DA:15,6
DA:16,6
DA:18,6
DA:19,6
DA:20,1
DA:21,5
DA:23,5
DA:25,5
DA:26,5
DA:27,6
DA:29,345
DA:30,345
DA:31,345
DA:33,345
DA:34,1395
DA:35,1395
DA:36,1395
DA:38,345
DA:39,345
BRF:0
BRH:0
LF:26
LH:26
end_of_record
SF:C:\Users\zigav\OneDrive\Dokumenti\GitHub\vietoris-rips-rust\src\geometry\ball.rs
FN:15,_RNvMNtNtCsiFWkA3lsyOJ_19persistent_homology8geometry4ballNtB2_4Ball1o
FN:19,_RNvMNtNtCsiFWkA3lsyOJ_19persistent_homology8geometry4ballNtB2_4Ball1r
FN:11,_RNvMNtNtCsiFWkA3lsyOJ_19persistent_homology8geometry4ballNtB2_4Ball3new
FN:15,_RNvMNtNtCs8dwNsLmi5Ta_19persistent_homology8geometry4ballNtB2_4Ball1o
FN:19,_RNvMNtNtCs8dwNsLmi5Ta_19persistent_homology8geometry4ballNtB2_4Ball1r
FN:11,_RNvMNtNtCs8dwNsLmi5Ta_19persistent_homology8geometry4ballNtB2_4Ball3new
FNDA:5802,_RNvMNtNtCsiFWkA3lsyOJ_19persistent_homology8geometry4ballNtB2_4Ball1o
FNDA:3495,_RNvMNtNtCsiFWkA3lsyOJ_19persistent_homology8geometry4ballNtB2_4Ball1r
FNDA:3232,_RNvMNtNtCsiFWkA3lsyOJ_19persistent_homology8geometry4ballNtB2_4Ball3new
FNDA:0,_RNvMNtNtCs8dwNsLmi5Ta_19persistent_homology8geometry4ballNtB2_4Ball1o
FNDA:0,_RNvMNtNtCs8dwNsLmi5Ta_19persistent_homology8geometry4ballNtB2_4Ball1r
FNDA:0,_RNvMNtNtCs8dwNsLmi5Ta_19persistent_homology8geometry4ballNtB2_4Ball3new
FNF:3
FNH:3
DA:11,3232
DA:12,3232
DA:13,3232
DA:15,5802
DA:16,5802
DA:17,5802
DA:19,3495
DA:20,3495
DA:21,3495
BRF:0
BRH:0
LF:9
LH:9
end_of_record
SF:C:\Users\zigav\OneDrive\Dokumenti\GitHub\vietoris-rips-rust\src\geometry\points.rs
FN:11,_RINvMNtNtCsiFWkA3lsyOJ_19persistent_homology8geometry6pointsNtB3_5Point3newINtNtNtCsWRyCPbZFs7_8nalgebra4base6matrix6MatrixdNtNtB1g_9dimension3DynINtB20_5ConstKj1_EINtNtB1g_11vec_storage10VecStoragedB1Y_B2k_EEECsamuIjRzSJNs_12construction
FN:81,_RNCNvMs1_NtNtCsiFWkA3lsyOJ_19persistent_homology8geometry6pointsINtB7_10PointCloudNtNtB9_5space21EuclideanInnerProductE3new0CsamuIjRzSJNs_12construction
FN:108,_RNvMs1_NtNtCsiFWkA3lsyOJ_19persistent_homology8geometry6pointsINtB5_10PointCloudNtNtB7_5space21EuclideanInnerProductE12get_geometryCsamuIjRzSJNs_12construction
FN:100,_RNvMs1_NtNtCsiFWkA3lsyOJ_19persistent_homology8geometry6pointsINtB5_10PointCloudNtNtB7_5space21EuclideanInnerProductE3dimCsamuIjRzSJNs_12construction
FN:104,_RNvMs1_NtNtCsiFWkA3lsyOJ_19persistent_homology8geometry6pointsINtB5_10PointCloudNtNtB7_5space21EuclideanInnerProductE3getCsamuIjRzSJNs_12construction
FN:92,_RNvMs1_NtNtCsiFWkA3lsyOJ_19persistent_homology8geometry6pointsINtB5_10PointCloudNtNtB7_5space21EuclideanInnerProductE3lenCsamuIjRzSJNs_12construction
FN:71,_RNvMs1_NtNtCsiFWkA3lsyOJ_19persistent_homology8geometry6pointsINtB5_10PointCloudNtNtB7_5space21EuclideanInnerProductE3newCsamuIjRzSJNs_12construction
FN:121,_RNvMs2_NtNtCsiFWkA3lsyOJ_19persistent_homology8geometry6pointsINtB5_10PointCloudNtNtB7_5space21EuclideanInnerProductE17contained_in_ballCsamuIjRzSJNs_12construction
FN:117,_RNvMs2_NtNtCsiFWkA3lsyOJ_19persistent_homology8geometry6pointsINtB5_10PointCloudNtNtB7_5space21EuclideanInnerProductE8distanceCsamuIjRzSJNs_12construction
FN:133,_RNvMs3_NtNtCsiFWkA3lsyOJ_19persistent_homology8geometry6pointsINtB5_10PointCloudNtNtB7_5space21EuclideanInnerProductE12norm_squaredCsamuIjRzSJNs_12construction
FN:33,_RNvMNtNtCsiFWkA3lsyOJ_19persistent_homology8geometry6pointsNtB2_5Point13standard_unit
FN:17,_RNvMNtNtCsiFWkA3lsyOJ_19persistent_homology8geometry6pointsNtB2_5Point3len
FN:25,_RNvMNtNtCsiFWkA3lsyOJ_19persistent_homology8geometry6pointsNtB2_5Point7is_zero
FN:21,_RNvMNtNtCsiFWkA3lsyOJ_19persistent_homology8geometry6pointsNtB2_5Point8is_empty
FN:29,_RNvMNtNtCsiFWkA3lsyOJ_19persistent_homology8geometry6pointsNtB2_5Point8multiply
FN:53,_RNvXs0_NtNtCsiFWkA3lsyOJ_19persistent_homology8geometry6pointsRNtB5_5PointNtNtNtCs4TwWhthMkYr_4core3ops5arith3Sub3sub
FN:43,_RNvXs_NtNtCsiFWkA3lsyOJ_19persistent_homology8geometry6pointsRNtB4_5PointNtNtNtCs4TwWhthMkYr_4core3ops5arith3Add3add
FN:11,_RINvMNtNtCsiFWkA3lsyOJ_19persistent_homology8geometry6pointsNtB3_5Point3newINtNtCs9AfwiE7sh8x_5alloc3vec3VecdEEB7_
FN:26,_RNCNvMNtNtCsiFWkA3lsyOJ_19persistent_homology8geometry6pointsNtB4_5Point7is_zero0B8_
FN:11,_RINvMNtNtCs8dwNsLmi5Ta_19persistent_homology8geometry6pointsNtB3_5Point3newpEB7_
FN:26,_RNCNvMNtNtCs8dwNsLmi5Ta_19persistent_homology8geometry6pointsNtB4_5Point7is_zero0B8_
FN:81,_RNCNvMs1_NtNtCs8dwNsLmi5Ta_19persistent_homology8geometry6pointsINtB7_10PointCloudpE3new0Bb_
FN:33,_RNvMNtNtCs8dwNsLmi5Ta_19persistent_homology8geometry6pointsNtB2_5Point13standard_unit
FN:17,_RNvMNtNtCs8dwNsLmi5Ta_19persistent_homology8geometry6pointsNtB2_5Point3len
FN:25,_RNvMNtNtCs8dwNsLmi5Ta_19persistent_homology8geometry6pointsNtB2_5Point7is_zero
FN:21,_RNvMNtNtCs8dwNsLmi5Ta_19persistent_homology8geometry6pointsNtB2_5Point8is_empty
FN:29,_RNvMNtNtCs8dwNsLmi5Ta_19persistent_homology8geometry6pointsNtB2_5Point8multiply
FN:108,_RNvMs1_NtNtCs8dwNsLmi5Ta_19persistent_homology8geometry6pointsINtB5_10PointCloudpE12get_geometryB9_
FN:100,_RNvMs1_NtNtCs8dwNsLmi5Ta_19persistent_homology8geometry6pointsINtB5_10PointCloudpE3dimB9_
FN:104,_RNvMs1_NtNtCs8dwNsLmi5Ta_19persistent_homology8geometry6pointsINtB5_10PointCloudpE3getB9_
FN:92,_RNvMs1_NtNtCs8dwNsLmi5Ta_19persistent_homology8geometry6pointsINtB5_10PointCloudpE3lenB9_
FN:71,_RNvMs1_NtNtCs8dwNsLmi5Ta_19persistent_homology8geometry6pointsINtB5_10PointCloudpE3newB9_
FN:96,_RNvMs1_NtNtCs8dwNsLmi5Ta_19persistent_homology8geometry6pointsINtB5_10PointCloudpE8is_emptyB9_
FN:121,_RNvMs2_NtNtCs8dwNsLmi5Ta_19persistent_homology8geometry6pointsINtB5_10PointCloudpE17contained_in_ballB9_
FN:117,_RNvMs2_NtNtCs8dwNsLmi5Ta_19persistent_homology8geometry6pointsINtB5_10PointCloudpE8distanceB9_
FN:133,_RNvMs3_NtNtCs8dwNsLmi5Ta_19persistent_homology8geometry6pointsINtB5_10PointCloudpE12norm_squaredB9_
FN:137,_RNvMs3_NtNtCs8dwNsLmi5Ta_19persistent_homology8geometry6pointsINtB5_10PointCloudpE4normB9_
FN:53,_RNvXs0_NtNtCs8dwNsLmi5Ta_19persistent_homology8geometry6pointsRNtB5_5PointNtNtNtCs4TwWhthMkYr_4core3ops5arith3Sub3sub
FN:43,_RNvXs_NtNtCs8dwNsLmi5Ta_19persistent_homology8geometry6pointsRNtB4_5PointNtNtNtCs4TwWhthMkYr_4core3ops5arith3Add3add
FN:11,_RINvMNtNtCsiFWkA3lsyOJ_19persistent_homology8geometry6pointsNtB3_5Point3newINtNtNtCsWRyCPbZFs7_8nalgebra4base6matrix6MatrixdNtNtB1g_9dimension3DynINtB20_5ConstKj1_EINtNtB1g_11vec_storage10VecStoragedB1Y_B2k_EEECs23SWFRkbj1x_23smallest_enclosing_ball
FN:81,_RNCNvMs1_NtNtCsiFWkA3lsyOJ_19persistent_homology8geometry6pointsINtB7_10PointCloudNtNtB9_5space21EuclideanInnerProductE3new0Cs23SWFRkbj1x_23smallest_enclosing_ball
FN:108,_RNvMs1_NtNtCsiFWkA3lsyOJ_19persistent_homology8geometry6pointsINtB5_10PointCloudNtNtB7_5space21EuclideanInnerProductE12get_geometryCs23SWFRkbj1x_23smallest_enclosing_ball
FN:100,_RNvMs1_NtNtCsiFWkA3lsyOJ_19persistent_homology8geometry6pointsINtB5_10PointCloudNtNtB7_5space21EuclideanInnerProductE3dimCs23SWFRkbj1x_23smallest_enclosing_ball
FN:104,_RNvMs1_NtNtCsiFWkA3lsyOJ_19persistent_homology8geometry6pointsINtB5_10PointCloudNtNtB7_5space21EuclideanInnerProductE3getCs23SWFRkbj1x_23smallest_enclosing_ball
FN:71,_RNvMs1_NtNtCsiFWkA3lsyOJ_19persistent_homology8geometry6pointsINtB5_10PointCloudNtNtB7_5space21EuclideanInnerProductE3newCs23SWFRkbj1x_23smallest_enclosing_ball
FN:121,_RNvMs2_NtNtCsiFWkA3lsyOJ_19persistent_homology8geometry6pointsINtB5_10PointCloudNtNtB7_5space21EuclideanInnerProductE17contained_in_ballCs23SWFRkbj1x_23smallest_enclosing_ball
FN:117,_RNvMs2_NtNtCsiFWkA3lsyOJ_19persistent_homology8geometry6pointsINtB5_10PointCloudNtNtB7_5space21EuclideanInnerProductE8distanceCs23SWFRkbj1x_23smallest_enclosing_ball
FN:133,_RNvMs3_NtNtCsiFWkA3lsyOJ_19persistent_homology8geometry6pointsINtB5_10PointCloudNtNtB7_5space21EuclideanInnerProductE12norm_squaredCs23SWFRkbj1x_23smallest_enclosing_ball
FN:81,_RNCNvMs1_NtNtCsiFWkA3lsyOJ_19persistent_homology8geometry6pointsINtB7_10PointCloudNtNtB9_5space21EuclideanInnerProductE3new0CskzxzpGyL7LD_8topology
FN:104,_RNvMs1_NtNtCsiFWkA3lsyOJ_19persistent_homology8geometry6pointsINtB5_10PointCloudNtNtB7_5space21EuclideanInnerProductE3getCskzxzpGyL7LD_8topology
FN:92,_RNvMs1_NtNtCsiFWkA3lsyOJ_19persistent_homology8geometry6pointsINtB5_10PointCloudNtNtB7_5space21EuclideanInnerProductE3lenCskzxzpGyL7LD_8topology
FN:71,_RNvMs1_NtNtCsiFWkA3lsyOJ_19persistent_homology8geometry6pointsINtB5_10PointCloudNtNtB7_5space21EuclideanInnerProductE3newCskzxzpGyL7LD_8topology
FN:117,_RNvMs2_NtNtCsiFWkA3lsyOJ_19persistent_homology8geometry6pointsINtB5_10PointCloudNtNtB7_5space21EuclideanInnerProductE8distanceCskzxzpGyL7LD_8topology
FNDA:120,_RINvMNtNtCsiFWkA3lsyOJ_19persistent_homology8geometry6pointsNtB3_5Point3newINtNtNtCsWRyCPbZFs7_8nalgebra4base6matrix6MatrixdNtNtB1g_9dimension3DynINtB20_5ConstKj1_EINtNtB1g_11vec_storage10VecStoragedB1Y_B2k_EEECsamuIjRzSJNs_12construction
FNDA:400,_RNCNvMs1_NtNtCsiFWkA3lsyOJ_19persistent_homology8geometry6pointsINtB7_10PointCloudNtNtB9_5space21EuclideanInnerProductE3new0CsamuIjRzSJNs_12construction
FNDA:120,_RNvMs1_NtNtCsiFWkA3lsyOJ_19persistent_homology8geometry6pointsINtB5_10PointCloudNtNtB7_5space21EuclideanInnerProductE12get_geometryCsamuIjRzSJNs_12construction
FNDA:1477,_RNvMs1_NtNtCsiFWkA3lsyOJ_19persistent_homology8geometry6pointsINtB5_10PointCloudNtNtB7_5space21EuclideanInnerProductE3dimCsamuIjRzSJNs_12construction
FNDA:9816,_RNvMs1_NtNtCsiFWkA3lsyOJ_19persistent_homology8geometry6pointsINtB5_10PointCloudNtNtB7_5space21EuclideanInnerProductE3getCsamuIjRzSJNs_12construction
FNDA:14,_RNvMs1_NtNtCsiFWkA3lsyOJ_19persistent_homology8geometry6pointsINtB5_10PointCloudNtNtB7_5space21EuclideanInnerProductE3lenCsamuIjRzSJNs_12construction
FNDA:124,_RNvMs1_NtNtCsiFWkA3lsyOJ_19persistent_homology8geometry6pointsINtB5_10PointCloudNtNtB7_5space21EuclideanInnerProductE3newCsamuIjRzSJNs_12construction
FNDA:2180,_RNvMs2_NtNtCsiFWkA3lsyOJ_19persistent_homology8geometry6pointsINtB5_10PointCloudNtNtB7_5space21EuclideanInnerProductE17contained_in_ballCsamuIjRzSJNs_12construction
FNDA:3554,_RNvMs2_NtNtCsiFWkA3lsyOJ_19persistent_homology8geometry6pointsINtB5_10PointCloudNtNtB7_5space21EuclideanInnerProductE8distanceCsamuIjRzSJNs_12construction
FNDA:363,_RNvMs3_NtNtCsiFWkA3lsyOJ_19persistent_homology8geometry6pointsINtB5_10PointCloudNtNtB7_5space21EuclideanInnerProductE12norm_squaredCsamuIjRzSJNs_12construction
FNDA:25,_RNvMNtNtCsiFWkA3lsyOJ_19persistent_homology8geometry6pointsNtB2_5Point13standard_unit
FNDA:2661,_RNvMNtNtCsiFWkA3lsyOJ_19persistent_homology8geometry6pointsNtB2_5Point3len
FNDA:26,_RNvMNtNtCsiFWkA3lsyOJ_19persistent_homology8geometry6pointsNtB2_5Point7is_zero
FNDA:2661,_RNvMNtNtCsiFWkA3lsyOJ_19persistent_homology8geometry6pointsNtB2_5Point8is_empty
FNDA:1507,_RNvMNtNtCsiFWkA3lsyOJ_19persistent_homology8geometry6pointsNtB2_5Point8multiply
FNDA:5787,_RNvXs0_NtNtCsiFWkA3lsyOJ_19persistent_homology8geometry6pointsRNtB5_5PointNtNtNtCs4TwWhthMkYr_4core3ops5arith3Sub3sub
FNDA:1506,_RNvXs_NtNtCsiFWkA3lsyOJ_19persistent_homology8geometry6pointsRNtB4_5PointNtNtNtCs4TwWhthMkYr_4core3ops5arith3Add3add
FNDA:9441,_RINvMNtNtCsiFWkA3lsyOJ_19persistent_homology8geometry6pointsNtB3_5Point3newINtNtCs9AfwiE7sh8x_5alloc3vec3VecdEEB7_
FNDA:137,_RNCNvMNtNtCsiFWkA3lsyOJ_19persistent_homology8geometry6pointsNtB4_5Point7is_zero0B8_
FNDA:0,_RINvMNtNtCs8dwNsLmi5Ta_19persistent_homology8geometry6pointsNtB3_5Point3newpEB7_
FNDA:0,_RNCNvMNtNtCs8dwNsLmi5Ta_19persistent_homology8geometry6pointsNtB4_5Point7is_zero0B8_
FNDA:0,_RNCNvMs1_NtNtCs8dwNsLmi5Ta_19persistent_homology8geometry6pointsINtB7_10PointCloudpE3new0Bb_
FNDA:0,_RNvMNtNtCs8dwNsLmi5Ta_19persistent_homology8geometry6pointsNtB2_5Point13standard_unit
FNDA:0,_RNvMNtNtCs8dwNsLmi5Ta_19persistent_homology8geometry6pointsNtB2_5Point3len
FNDA:0,_RNvMNtNtCs8dwNsLmi5Ta_19persistent_homology8geometry6pointsNtB2_5Point7is_zero
FNDA:0,_RNvMNtNtCs8dwNsLmi5Ta_19persistent_homology8geometry6pointsNtB2_5Point8is_empty
FNDA:0,_RNvMNtNtCs8dwNsLmi5Ta_19persistent_homology8geometry6pointsNtB2_5Point8multiply
FNDA:0,_RNvMs1_NtNtCs8dwNsLmi5Ta_19persistent_homology8geometry6pointsINtB5_10PointCloudpE12get_geometryB9_
FNDA:0,_RNvMs1_NtNtCs8dwNsLmi5Ta_19persistent_homology8geometry6pointsINtB5_10PointCloudpE3dimB9_
FNDA:0,_RNvMs1_NtNtCs8dwNsLmi5Ta_19persistent_homology8geometry6pointsINtB5_10PointCloudpE3getB9_
FNDA:0,_RNvMs1_NtNtCs8dwNsLmi5Ta_19persistent_homology8geometry6pointsINtB5_10PointCloudpE3lenB9_
FNDA:0,_RNvMs1_NtNtCs8dwNsLmi5Ta_19persistent_homology8geometry6pointsINtB5_10PointCloudpE3newB9_
FNDA:0,_RNvMs1_NtNtCs8dwNsLmi5Ta_19persistent_homology8geometry6pointsINtB5_10PointCloudpE8is_emptyB9_
FNDA:0,_RNvMs2_NtNtCs8dwNsLmi5Ta_19persistent_homology8geometry6pointsINtB5_10PointCloudpE17contained_in_ballB9_
FNDA:0,_RNvMs2_NtNtCs8dwNsLmi5Ta_19persistent_homology8geometry6pointsINtB5_10PointCloudpE8distanceB9_
FNDA:0,_RNvMs3_NtNtCs8dwNsLmi5Ta_19persistent_homology8geometry6pointsINtB5_10PointCloudpE12norm_squaredB9_
FNDA:0,_RNvMs3_NtNtCs8dwNsLmi5Ta_19persistent_homology8geometry6pointsINtB5_10PointCloudpE4normB9_
FNDA:0,_RNvXs0_NtNtCs8dwNsLmi5Ta_19persistent_homology8geometry6pointsRNtB5_5PointNtNtNtCs4TwWhthMkYr_4core3ops5arith3Sub3sub
FNDA:0,_RNvXs_NtNtCs8dwNsLmi5Ta_19persistent_homology8geometry6pointsRNtB4_5PointNtNtNtCs4TwWhthMkYr_4core3ops5arith3Add3add
FNDA:256,_RINvMNtNtCsiFWkA3lsyOJ_19persistent_homology8geometry6pointsNtB3_5Point3newINtNtNtCsWRyCPbZFs7_8nalgebra4base6matrix6MatrixdNtNtB1g_9dimension3DynINtB20_5ConstKj1_EINtNtB1g_11vec_storage10VecStoragedB1Y_B2k_EEECs23SWFRkbj1x_23smallest_enclosing_ball
FNDA:992,_RNCNvMs1_NtNtCsiFWkA3lsyOJ_19persistent_homology8geometry6pointsINtB7_10PointCloudNtNtB9_5space21EuclideanInnerProductE3new0Cs23SWFRkbj1x_23smallest_enclosing_ball
FNDA:256,_RNvMs1_NtNtCsiFWkA3lsyOJ_19persistent_homology8geometry6pointsINtB5_10PointCloudNtNtB7_5space21EuclideanInnerProductE12get_geometryCs23SWFRkbj1x_23smallest_enclosing_ball
FNDA:1015,_RNvMs1_NtNtCsiFWkA3lsyOJ_19persistent_homology8geometry6pointsINtB5_10PointCloudNtNtB7_5space21EuclideanInnerProductE3dimCs23SWFRkbj1x_23smallest_enclosing_ball
FNDA:16625,_RNvMs1_NtNtCsiFWkA3lsyOJ_19persistent_homology8geometry6pointsINtB5_10PointCloudNtNtB7_5space21EuclideanInnerProductE3getCs23SWFRkbj1x_23smallest_enclosing_ball
FNDA:262,_RNvMs1_NtNtCsiFWkA3lsyOJ_19persistent_homology8geometry6pointsINtB5_10PointCloudNtNtB7_5space21EuclideanInnerProductE3newCs23SWFRkbj1x_23smallest_enclosing_ball
FNDA:481,_RNvMs2_NtNtCsiFWkA3lsyOJ_19persistent_homology8geometry6pointsINtB5_10PointCloudNtNtB7_5space21EuclideanInnerProductE17contained_in_ballCs23SWFRkbj1x_23smallest_enclosing_ball
FNDA:2019,_RNvMs2_NtNtCsiFWkA3lsyOJ_19persistent_homology8geometry6pointsINtB5_10PointCloudNtNtB7_5space21EuclideanInnerProductE8distanceCs23SWFRkbj1x_23smallest_enclosing_ball
FNDA:955,_RNvMs3_NtNtCsiFWkA3lsyOJ_19persistent_homology8geometry6pointsINtB5_10PointCloudNtNtB7_5space21EuclideanInnerProductE12norm_squaredCs23SWFRkbj1x_23smallest_enclosing_ball
FNDA:6,_RNCNvMs1_NtNtCsiFWkA3lsyOJ_19persistent_homology8geometry6pointsINtB7_10PointCloudNtNtB9_5space21EuclideanInnerProductE3new0CskzxzpGyL7LD_8topology
FNDA:12,_RNvMs1_NtNtCsiFWkA3lsyOJ_19persistent_homology8geometry6pointsINtB5_10PointCloudNtNtB7_5space21EuclideanInnerProductE3getCskzxzpGyL7LD_8topology
FNDA:4,_RNvMs1_NtNtCsiFWkA3lsyOJ_19persistent_homology8geometry6pointsINtB5_10PointCloudNtNtB7_5space21EuclideanInnerProductE3lenCskzxzpGyL7LD_8topology
FNDA:2,_RNvMs1_NtNtCsiFWkA3lsyOJ_19persistent_homology8geometry6pointsINtB5_10PointCloudNtNtB7_5space21EuclideanInnerProductE3newCskzxzpGyL7LD_8topology
FNDA:6,_RNvMs2_NtNtCsiFWkA3lsyOJ_19persistent_homology8geometry6pointsINtB5_10PointCloudNtNtB7_5space21EuclideanInnerProductE8distanceCskzxzpGyL7LD_8topology
FNF:20
FNH:18
DA:11,9817
DA:12,9817
DA:13,9817
DA:14,9817
DA:15,9817
DA:17,2661
DA:18,2661
DA:19,2661
DA:21,2661
DA:22,2661
DA:23,2661
DA:25,26
DA:26,137
DA:27,26
DA:29,1507
DA:30,1507
DA:31,1507
DA:33,25
DA:34,25
DA:35,25
DA:36,25
DA:37,25
DA:43,1506
DA:44,1506
DA:45,1506
DA:46,1506
DA:47,1506
DA:53,5787
DA:54,5787
DA:55,5787
DA:56,5787
DA:57,5787
DA:71,388
DA:72,388
DA:73,0
DA:74,0
DA:75,0
DA:76,0
DA:77,0
DA:78,388
DA:80,388
DA:81,1398
DA:82,0
DA:83,388
DA:85,388
DA:86,388
DA:87,388
DA:88,388
DA:89,388
DA:90,388
DA:92,18
DA:93,18
DA:94,18
DA:96,0
DA:97,0
DA:98,0
DA:100,2492
DA:101,2492
DA:102,2492
DA:104,26453
DA:105,26453
DA:106,26453
DA:108,376
DA:109,376
DA:110,376
DA:117,5579
DA:118,5579
DA:119,5579
DA:121,2661
DA:122,2661
DA:123,347
DA:124,2314
DA:125,2314
DA:126,2661
DA:133,1318
DA:134,1318
DA:135,1318
DA:137,0
DA:138,0
DA:139,0
BRF:0
BRH:0
LF:82
LH:70
end_of_record
SF:C:\Users\zigav\OneDrive\Dokumenti\GitHub\vietoris-rips-rust\src\geometry\seb\fischer.rs
FN:4,_RNvNtNtNtCs8dwNsLmi5Ta_19persistent_homology8geometry3seb7fischer7fischer
FNDA:0,_RNvNtNtNtCs8dwNsLmi5Ta_19persistent_homology8geometry3seb7fischer7fischer
FNF:1
FNH:0
DA:4,0
BRF:0
BRH:0
LF:1
LH:0
end_of_record
SF:C:\Users\zigav\OneDrive\Dokumenti\GitHub\vietoris-rips-rust\src\geometry\seb\gartner.rs
FN:5,_RNvNtNtNtCs8dwNsLmi5Ta_19persistent_homology8geometry3seb7gartner7gartner
FNDA:0,_RNvNtNtNtCs8dwNsLmi5Ta_19persistent_homology8geometry3seb7gartner7gartner
FNF:1
FNH:0
DA:5,0
BRF:0
BRH:0
LF:1
LH:0
end_of_record
SF:C:\Users\zigav\OneDrive\Dokumenti\GitHub\vietoris-rips-rust\src\geometry\seb\larsson.rs
FN:48,_RINvNtNtNtCsiFWkA3lsyOJ_19persistent_homology8geometry3seb7larsson14farthest_pointNtNtB6_5space21EuclideanInnerProductECsamuIjRzSJNs_12construction
FN:35,_RINvNtNtNtCsiFWkA3lsyOJ_19persistent_homology8geometry3seb7larsson17solve_approx_ballNtNtB6_5space21EuclideanInnerProductECsamuIjRzSJNs_12construction
FN:64,_RINvNtNtNtCsiFWkA3lsyOJ_19persistent_homology8geometry3seb7larsson20farthest_point_spaceNtNtB6_5space21EuclideanInnerProductECsamuIjRzSJNs_12construction
FN:8,_RINvNtNtNtCsiFWkA3lsyOJ_19persistent_homology8geometry3seb7larsson7larssonNtNtB6_5space21EuclideanInnerProductECsamuIjRzSJNs_12construction
FN:85,_RNvNtNtNtCsiFWkA3lsyOJ_19persistent_homology8geometry3seb7larsson11update_ball
FN:79,_RNvNtNtNtCsiFWkA3lsyOJ_19persistent_homology8geometry3seb7larsson14center_of_mass
FN:48,_RINvNtNtNtCs8dwNsLmi5Ta_19persistent_homology8geometry3seb7larsson14farthest_pointpEB8_
FN:35,_RINvNtNtNtCs8dwNsLmi5Ta_19persistent_homology8geometry3seb7larsson17solve_approx_ballpEB8_
FN:64,_RINvNtNtNtCs8dwNsLmi5Ta_19persistent_homology8geometry3seb7larsson20farthest_point_spacepEB8_
FN:8,_RINvNtNtNtCs8dwNsLmi5Ta_19persistent_homology8geometry3seb7larsson7larssonpEB8_
FN:85,_RNvNtNtNtCs8dwNsLmi5Ta_19persistent_homology8geometry3seb7larsson11update_ball
FN:79,_RNvNtNtNtCs8dwNsLmi5Ta_19persistent_homology8geometry3seb7larsson14center_of_mass
FN:48,_RINvNtNtNtCsiFWkA3lsyOJ_19persistent_homology8geometry3seb7larsson14farthest_pointNtNtB6_5space21EuclideanInnerProductECs23SWFRkbj1x_23smallest_enclosing_ball
FN:35,_RINvNtNtNtCsiFWkA3lsyOJ_19persistent_homology8geometry3seb7larsson17solve_approx_ballNtNtB6_5space21EuclideanInnerProductECs23SWFRkbj1x_23smallest_enclosing_ball
FN:64,_RINvNtNtNtCsiFWkA3lsyOJ_19persistent_homology8geometry3seb7larsson20farthest_point_spaceNtNtB6_5space21EuclideanInnerProductECs23SWFRkbj1x_23smallest_enclosing_ball
FN:8,_RINvNtNtNtCsiFWkA3lsyOJ_19persistent_homology8geometry3seb7larsson7larssonNtNtB6_5space21EuclideanInnerProductECs23SWFRkbj1x_23smallest_enclosing_ball
FNDA:0,_RINvNtNtNtCsiFWkA3lsyOJ_19persistent_homology8geometry3seb7larsson14farthest_pointNtNtB6_5space21EuclideanInnerProductECsamuIjRzSJNs_12construction
FNDA:0,_RINvNtNtNtCsiFWkA3lsyOJ_19persistent_homology8geometry3seb7larsson17solve_approx_ballNtNtB6_5space21EuclideanInnerProductECsamuIjRzSJNs_12construction
FNDA:0,_RINvNtNtNtCsiFWkA3lsyOJ_19persistent_homology8geometry3seb7larsson20farthest_point_spaceNtNtB6_5space21EuclideanInnerProductECsamuIjRzSJNs_12construction
FNDA:0,_RINvNtNtNtCsiFWkA3lsyOJ_19persistent_homology8geometry3seb7larsson7larssonNtNtB6_5space21EuclideanInnerProductECsamuIjRzSJNs_12construction
FNDA:182,_RNvNtNtNtCsiFWkA3lsyOJ_19persistent_homology8geometry3seb7larsson11update_ball
FNDA:26,_RNvNtNtNtCsiFWkA3lsyOJ_19persistent_homology8geometry3seb7larsson14center_of_mass
FNDA:0,_RINvNtNtNtCs8dwNsLmi5Ta_19persistent_homology8geometry3seb7larsson14farthest_pointpEB8_
FNDA:0,_RINvNtNtNtCs8dwNsLmi5Ta_19persistent_homology8geometry3seb7larsson17solve_approx_ballpEB8_
FNDA:0,_RINvNtNtNtCs8dwNsLmi5Ta_19persistent_homology8geometry3seb7larsson20farthest_point_spacepEB8_
FNDA:0,_RINvNtNtNtCs8dwNsLmi5Ta_19persistent_homology8geometry3seb7larsson7larssonpEB8_
FNDA:0,_RNvNtNtNtCs8dwNsLmi5Ta_19persistent_homology8geometry3seb7larsson11update_ball
FNDA:0,_RNvNtNtNtCs8dwNsLmi5Ta_19persistent_homology8geometry3seb7larsson14center_of_mass
FNDA:182,_RINvNtNtNtCsiFWkA3lsyOJ_19persistent_homology8geometry3seb7larsson14farthest_pointNtNtB6_5space21EuclideanInnerProductECs23SWFRkbj1x_23smallest_enclosing_ball
FNDA:35,_RINvNtNtNtCsiFWkA3lsyOJ_19persistent_homology8geometry3seb7larsson17solve_approx_ballNtNtB6_5space21EuclideanInnerProductECs23SWFRkbj1x_23smallest_enclosing_ball
FNDA:113,_RINvNtNtNtCsiFWkA3lsyOJ_19persistent_homology8geometry3seb7larsson20farthest_point_spaceNtNtB6_5space21EuclideanInnerProductECs23SWFRkbj1x_23smallest_enclosing_ball
FNDA:26,_RINvNtNtNtCsiFWkA3lsyOJ_19persistent_homology8geometry3seb7larsson7larssonNtNtB6_5space21EuclideanInnerProductECs23SWFRkbj1x_23smallest_enclosing_ball
FNF:6
FNH:6
DA:8,26
DA:9,26
DA:10,26
DA:12,26
DA:13,26
DA:15,26
DA:16,26
DA:18,26
DA:20,26
DA:21,26
DA:24,61
DA:25,61
DA:26,26
DA:27,35
DA:29,35
DA:30,35
DA:31,35
DA:33,26
DA:35,35
DA:36,35
DA:37,35
DA:40,182
DA:41,182
DA:42,35
DA:43,147
DA:44,147
DA:46,35
DA:48,182
DA:49,182
DA:50,182
DA:52,182
DA:53,182
DA:54,704
DA:55,704
DA:56,704
DA:57,274
DA:58,274
DA:59,430
DA:61,182
DA:62,182
DA:64,113
DA:65,113
DA:66,113
DA:68,113
DA:69,451
DA:70,451
DA:71,451
DA:72,296
DA:73,296
DA:74,296
DA:76,113
DA:77,113
DA:79,26
DA:80,26
DA:81,26
DA:82,26
DA:83,26
DA:85,182
DA:86,182
DA:87,182
DA:88,182
DA:89,182
BRF:0
BRH:0
LF:62
LH:62
end_of_record
SF:C:\Users\zigav\OneDrive\Dokumenti\GitHub\vietoris-rips-rust\src\geometry\seb\welzl.rs
FN:133,_RINvNtNtNtCsiFWkA3lsyOJ_19persistent_homology8geometry3seb5welzl12circumsphereNtNtB6_5space21EuclideanInnerProductECsamuIjRzSJNs_12construction
FN:58,_RINvNtNtNtCsiFWkA3lsyOJ_19persistent_homology8geometry3seb5welzl13from_boundaryNtNtB6_5space21EuclideanInnerProductECsamuIjRzSJNs_12construction
FN:82,_RINvNtNtNtCsiFWkA3lsyOJ_19persistent_homology8geometry3seb5welzl18on_affine_subspaceNtNtB6_5space21EuclideanInnerProductECsamuIjRzSJNs_12construction
FN:13,_RINvNtNtNtCsiFWkA3lsyOJ_19persistent_homology8geometry3seb5welzl5welzlNtNtB6_5space21EuclideanInnerProductECsamuIjRzSJNs_12construction
FN:27,_RINvNtNtNtCsiFWkA3lsyOJ_19persistent_homology8geometry3seb5welzl9welzl_recNtNtB6_5space21EuclideanInnerProductECsamuIjRzSJNs_12construction
FN:141,_RNCINvNtNtNtCsiFWkA3lsyOJ_19persistent_homology8geometry3seb5welzl12circumsphereNtNtB8_5space21EuclideanInnerProductE0CsamuIjRzSJNs_12construction
FN:160,_RNCINvNtNtNtCsiFWkA3lsyOJ_19persistent_homology8geometry3seb5welzl12circumsphereNtNtB8_5space21EuclideanInnerProductEs0_0CsamuIjRzSJNs_12construction
FN:147,_RNCINvNtNtNtCsiFWkA3lsyOJ_19persistent_homology8geometry3seb5welzl12circumsphereNtNtB8_5space21EuclideanInnerProductEs_0CsamuIjRzSJNs_12construction
FN:90,_RNCINvNtNtNtCsiFWkA3lsyOJ_19persistent_homology8geometry3seb5welzl18on_affine_subspaceNtNtB8_5space21EuclideanInnerProductE0CsamuIjRzSJNs_12construction
FN:100,_RNCINvNtNtNtCsiFWkA3lsyOJ_19persistent_homology8geometry3seb5welzl18on_affine_subspaceNtNtB8_5space21EuclideanInnerProductEs_0CsamuIjRzSJNs_12construction
FN:101,_RNCNCINvNtNtNtCsiFWkA3lsyOJ_19persistent_homology8geometry3seb5welzl18on_affine_subspaceNtNtBa_5space21EuclideanInnerProductEs_00CsamuIjRzSJNs_12construction
FN:54,_RNvNtNtNtCsiFWkA3lsyOJ_19persistent_homology8geometry3seb5welzl10move_front
FN:121,_RNvNtNtNtCsiFWkA3lsyOJ_19persistent_homology8geometry3seb5welzl15extend_to_basis
FN:126,_RNCNvNtNtNtCsiFWkA3lsyOJ_19persistent_homology8geometry3seb5welzl15extend_to_basis0B9_
FN:133,_RINvNtNtNtCs8dwNsLmi5Ta_19persistent_homology8geometry3seb5welzl12circumspherepEB8_
FN:58,_RINvNtNtNtCs8dwNsLmi5Ta_19persistent_homology8geometry3seb5welzl13from_boundarypEB8_
FN:82,_RINvNtNtNtCs8dwNsLmi5Ta_19persistent_homology8geometry3seb5welzl18on_affine_subspacepEB8_
FN:13,_RINvNtNtNtCs8dwNsLmi5Ta_19persistent_homology8geometry3seb5welzl5welzlpEB8_
FN:27,_RINvNtNtNtCs8dwNsLmi5Ta_19persistent_homology8geometry3seb5welzl9welzl_recpEB8_
FN:141,_RNCINvNtNtNtCs8dwNsLmi5Ta_19persistent_homology8geometry3seb5welzl12circumspherepE0Ba_
FN:160,_RNCINvNtNtNtCs8dwNsLmi5Ta_19persistent_homology8geometry3seb5welzl12circumspherepEs0_0Ba_
FN:147,_RNCINvNtNtNtCs8dwNsLmi5Ta_19persistent_homology8geometry3seb5welzl12circumspherepEs_0Ba_
FN:90,_RNCINvNtNtNtCs8dwNsLmi5Ta_19persistent_homology8geometry3seb5welzl18on_affine_subspacepE0Ba_
FN:100,_RNCINvNtNtNtCs8dwNsLmi5Ta_19persistent_homology8geometry3seb5welzl18on_affine_subspacepEs_0Ba_
FN:101,_RNCNCINvNtNtNtCs8dwNsLmi5Ta_19persistent_homology8geometry3seb5welzl18on_affine_subspacepEs_00Bc_
FN:126,_RNCNvNtNtNtCs8dwNsLmi5Ta_19persistent_homology8geometry3seb5welzl15extend_to_basis0B9_
FN:54,_RNvNtNtNtCs8dwNsLmi5Ta_19persistent_homology8geometry3seb5welzl10move_front
FN:121,_RNvNtNtNtCs8dwNsLmi5Ta_19persistent_homology8geometry3seb5welzl15extend_to_basis
FN:133,_RINvNtNtNtCsiFWkA3lsyOJ_19persistent_homology8geometry3seb5welzl12circumsphereNtNtB6_5space21EuclideanInnerProductECs23SWFRkbj1x_23smallest_enclosing_ball
FN:58,_RINvNtNtNtCsiFWkA3lsyOJ_19persistent_homology8geometry3seb5welzl13from_boundaryNtNtB6_5space21EuclideanInnerProductECs23SWFRkbj1x_23smallest_enclosing_ball
FN:82,_RINvNtNtNtCsiFWkA3lsyOJ_19persistent_homology8geometry3seb5welzl18on_affine_subspaceNtNtB6_5space21EuclideanInnerProductECs23SWFRkbj1x_23smallest_enclosing_ball
FN:13,_RINvNtNtNtCsiFWkA3lsyOJ_19persistent_homology8geometry3seb5welzl5welzlNtNtB6_5space21EuclideanInnerProductECs23SWFRkbj1x_23smallest_enclosing_ball
FN:27,_RINvNtNtNtCsiFWkA3lsyOJ_19persistent_homology8geometry3seb5welzl9welzl_recNtNtB6_5space21EuclideanInnerProductECs23SWFRkbj1x_23smallest_enclosing_ball
FN:141,_RNCINvNtNtNtCsiFWkA3lsyOJ_19persistent_homology8geometry3seb5welzl12circumsphereNtNtB8_5space21EuclideanInnerProductE0Cs23SWFRkbj1x_23smallest_enclosing_ball
FN:160,_RNCINvNtNtNtCsiFWkA3lsyOJ_19persistent_homology8geometry3seb5welzl12circumsphereNtNtB8_5space21EuclideanInnerProductEs0_0Cs23SWFRkbj1x_23smallest_enclosing_ball
FN:147,_RNCINvNtNtNtCsiFWkA3lsyOJ_19persistent_homology8geometry3seb5welzl12circumsphereNtNtB8_5space21EuclideanInnerProductEs_0Cs23SWFRkbj1x_23smallest_enclosing_ball
FN:90,_RNCINvNtNtNtCsiFWkA3lsyOJ_19persistent_homology8geometry3seb5welzl18on_affine_subspaceNtNtB8_5space21EuclideanInnerProductE0Cs23SWFRkbj1x_23smallest_enclosing_ball
FN:100,_RNCINvNtNtNtCsiFWkA3lsyOJ_19persistent_homology8geometry3seb5welzl18on_affine_subspaceNtNtB8_5space21EuclideanInnerProductEs_0Cs23SWFRkbj1x_23smallest_enclosing_ball
FN:101,_RNCNCINvNtNtNtCsiFWkA3lsyOJ_19persistent_homology8geometry3seb5welzl18on_affine_subspaceNtNtBa_5space21EuclideanInnerProductEs_00Cs23SWFRkbj1x_23smallest_enclosing_ball
FNDA:121,_RINvNtNtNtCsiFWkA3lsyOJ_19persistent_homology8geometry3seb5welzl12circumsphereNtNtB6_5space21EuclideanInnerProductECsamuIjRzSJNs_12construction
FNDA:2154,_RINvNtNtNtCsiFWkA3lsyOJ_19persistent_homology8geometry3seb5welzl13from_boundaryNtNtB6_5space21EuclideanInnerProductECsamuIjRzSJNs_12construction
FNDA:120,_RINvNtNtNtCsiFWkA3lsyOJ_19persistent_homology8geometry3seb5welzl18on_affine_subspaceNtNtB6_5space21EuclideanInnerProductECsamuIjRzSJNs_12construction
FNDA:321,_RINvNtNtNtCsiFWkA3lsyOJ_19persistent_homology8geometry3seb5welzl5welzlNtNtB6_5space21EuclideanInnerProductECsamuIjRzSJNs_12construction
FNDA:2154,_RINvNtNtNtCsiFWkA3lsyOJ_19persistent_homology8geometry3seb5welzl9welzl_recNtNtB6_5space21EuclideanInnerProductECsamuIjRzSJNs_12construction
FNDA:363,_RNCINvNtNtNtCsiFWkA3lsyOJ_19persistent_homology8geometry3seb5welzl12circumsphereNtNtB8_5space21EuclideanInnerProductE0CsamuIjRzSJNs_12construction
FNDA:1089,_RNCINvNtNtNtCsiFWkA3lsyOJ_19persistent_homology8geometry3seb5welzl12circumsphereNtNtB8_5space21EuclideanInnerProductEs0_0CsamuIjRzSJNs_12construction
FNDA:1452,_RNCINvNtNtNtCsiFWkA3lsyOJ_19persistent_homology8geometry3seb5welzl12circumsphereNtNtB8_5space21EuclideanInnerProductEs_0CsamuIjRzSJNs_12construction
FNDA:720,_RNCINvNtNtNtCsiFWkA3lsyOJ_19persistent_homology8geometry3seb5welzl18on_affine_subspaceNtNtB8_5space21EuclideanInnerProductE0CsamuIjRzSJNs_12construction
FNDA:240,_RNCINvNtNtNtCsiFWkA3lsyOJ_19persistent_homology8geometry3seb5welzl18on_affine_subspaceNtNtB8_5space21EuclideanInnerProductEs_0CsamuIjRzSJNs_12construction
FNDA:480,_RNCNCINvNtNtNtCsiFWkA3lsyOJ_19persistent_homology8geometry3seb5welzl18on_affine_subspaceNtNtBa_5space21EuclideanInnerProductEs_00CsamuIjRzSJNs_12construction
FNDA:2301,_RNvNtNtNtCsiFWkA3lsyOJ_19persistent_homology8geometry3seb5welzl10move_front
FNDA:376,_RNvNtNtNtCsiFWkA3lsyOJ_19persistent_homology8geometry3seb5welzl15extend_to_basis
FNDA:939,_RNCNvNtNtNtCsiFWkA3lsyOJ_19persistent_homology8geometry3seb5welzl15extend_to_basis0B9_
FNDA:0,_RINvNtNtNtCs8dwNsLmi5Ta_19persistent_homology8geometry3seb5welzl12circumspherepEB8_
FNDA:0,_RINvNtNtNtCs8dwNsLmi5Ta_19persistent_homology8geometry3seb5welzl13from_boundarypEB8_
FNDA:0,_RINvNtNtNtCs8dwNsLmi5Ta_19persistent_homology8geometry3seb5welzl18on_affine_subspacepEB8_
FNDA:0,_RINvNtNtNtCs8dwNsLmi5Ta_19persistent_homology8geometry3seb5welzl5welzlpEB8_
FNDA:0,_RINvNtNtNtCs8dwNsLmi5Ta_19persistent_homology8geometry3seb5welzl9welzl_recpEB8_
FNDA:0,_RNCINvNtNtNtCs8dwNsLmi5Ta_19persistent_homology8geometry3seb5welzl12circumspherepE0Ba_
FNDA:0,_RNCINvNtNtNtCs8dwNsLmi5Ta_19persistent_homology8geometry3seb5welzl12circumspherepEs0_0Ba_
FNDA:0,_RNCINvNtNtNtCs8dwNsLmi5Ta_19persistent_homology8geometry3seb5welzl12circumspherepEs_0Ba_
FNDA:0,_RNCINvNtNtNtCs8dwNsLmi5Ta_19persistent_homology8geometry3seb5welzl18on_affine_subspacepE0Ba_
FNDA:0,_RNCINvNtNtNtCs8dwNsLmi5Ta_19persistent_homology8geometry3seb5welzl18on_affine_subspacepEs_0Ba_
FNDA:0,_RNCNCINvNtNtNtCs8dwNsLmi5Ta_19persistent_homology8geometry3seb5welzl18on_affine_subspacepEs_00Bc_
FNDA:0,_RNCNvNtNtNtCs8dwNsLmi5Ta_19persistent_homology8geometry3seb5welzl15extend_to_basis0B9_
FNDA:0,_RNvNtNtNtCs8dwNsLmi5Ta_19persistent_homology8geometry3seb5welzl10move_front
FNDA:0,_RNvNtNtNtCs8dwNsLmi5Ta_19persistent_homology8geometry3seb5welzl15extend_to_basis
FNDA:256,_RINvNtNtNtCsiFWkA3lsyOJ_19persistent_homology8geometry3seb5welzl12circumsphereNtNtB6_5space21EuclideanInnerProductECs23SWFRkbj1x_23smallest_enclosing_ball
FNDA:494,_RINvNtNtNtCsiFWkA3lsyOJ_19persistent_homology8geometry3seb5welzl13from_boundaryNtNtB6_5space21EuclideanInnerProductECs23SWFRkbj1x_23smallest_enclosing_ball
FNDA:256,_RINvNtNtNtCsiFWkA3lsyOJ_19persistent_homology8geometry3seb5welzl18on_affine_subspaceNtNtB6_5space21EuclideanInnerProductECs23SWFRkbj1x_23smallest_enclosing_ball
FNDA:26,_RINvNtNtNtCsiFWkA3lsyOJ_19persistent_homology8geometry3seb5welzl5welzlNtNtB6_5space21EuclideanInnerProductECs23SWFRkbj1x_23smallest_enclosing_ball
FNDA:494,_RINvNtNtNtCsiFWkA3lsyOJ_19persistent_homology8geometry3seb5welzl9welzl_recNtNtB6_5space21EuclideanInnerProductECs23SWFRkbj1x_23smallest_enclosing_ball
FNDA:955,_RNCINvNtNtNtCsiFWkA3lsyOJ_19persistent_homology8geometry3seb5welzl12circumsphereNtNtB8_5space21EuclideanInnerProductE0Cs23SWFRkbj1x_23smallest_enclosing_ball
FNDA:3751,_RNCINvNtNtNtCsiFWkA3lsyOJ_19persistent_homology8geometry3seb5welzl12circumsphereNtNtB8_5space21EuclideanInnerProductEs0_0Cs23SWFRkbj1x_23smallest_enclosing_ball
FNDA:9018,_RNCINvNtNtNtCsiFWkA3lsyOJ_19persistent_homology8geometry3seb5welzl12circumsphereNtNtB8_5space21EuclideanInnerProductEs_0Cs23SWFRkbj1x_23smallest_enclosing_ball
FNDA:4576,_RNCINvNtNtNtCsiFWkA3lsyOJ_19persistent_homology8geometry3seb5welzl18on_affine_subspaceNtNtB8_5space21EuclideanInnerProductE0Cs23SWFRkbj1x_23smallest_enclosing_ball
FNDA:699,_RNCINvNtNtNtCsiFWkA3lsyOJ_19persistent_homology8geometry3seb5welzl18on_affine_subspaceNtNtB8_5space21EuclideanInnerProductEs_0Cs23SWFRkbj1x_23smallest_enclosing_ball
FNDA:2097,_RNCNCINvNtNtNtCsiFWkA3lsyOJ_19persistent_homology8geometry3seb5welzl18on_affine_subspaceNtNtBa_5space21EuclideanInnerProductEs_00Cs23SWFRkbj1x_23smallest_enclosing_ball
FNF:14
FNH:14
DA:13,347
DA:14,347
DA:15,347
DA:17,347
DA:18,347
DA:20,347
DA:21,347
DA:27,2648
DA:28,2648
DA:29,2648
DA:31,2648
DA:33,2648
DA:34,1286
DA:35,1362
DA:37,1362
DA:38,2661
DA:39,2661
DA:41,2661
DA:42,360
DA:43,2301
DA:45,2301
DA:46,2301
DA:47,2301
DA:49,2301
DA:51,1362
DA:52,2648
DA:54,2301
DA:55,2301
DA:56,2301
DA:58,2648
DA:59,2648
DA:60,2648
DA:61,2648
DA:63,2648
DA:64,347
DA:65,1002
DA:67,922
DA:68,922
DA:69,922
DA:70,922
DA:72,377
DA:73,376
DA:75,2648
DA:82,376
DA:83,376
DA:84,376
DA:85,376
DA:87,376
DA:88,376
DA:90,5296
DA:91,5296
DA:92,5296
DA:94,376
DA:95,376
DA:97,376
DA:99,376
DA:100,939
DA:101,2577
DA:102,939
DA:103,939
DA:104,376
DA:105,376
DA:107,376
DA:108,376
DA:110,376
DA:113,376
DA:116,376
DA:117,376
DA:118,376
DA:119,376
DA:121,376
DA:122,376
DA:123,376
DA:124,376
DA:126,939
DA:128,376
DA:129,376
DA:133,377
DA:134,377
DA:135,377
DA:137,377
DA:138,377
DA:140,377
DA:141,1318
DA:142,377
DA:144,377
DA:145,941
DA:147,10470
DA:148,3522
DA:149,10470
DA:151,6948
DA:152,3474
DA:153,3474
DA:154,3474
DA:156,13992
DA:157,941
DA:160,4840
DA:161,4840
DA:162,1318
DA:163,3522
DA:164,3522
DA:165,4840
DA:166,377
DA:168,377
DA:169,377
DA:171,377
DA:173,377
DA:174,377
BRF:0
BRH:0
LF:115
LH:115
end_of_record
SF:C:\Users\zigav\OneDrive\Dokumenti\GitHub\vietoris-rips-rust\src\geometry\space.rs
FN:16,_RNvXNtNtCsiFWkA3lsyOJ_19persistent_homology8geometry5spaceNtB2_21EuclideanInnerProductNtB2_6Metric8distanceCsamuIjRzSJNs_12construction
FN:23,_RNvXs_NtNtCsiFWkA3lsyOJ_19persistent_homology8geometry5spaceNtB4_21EuclideanInnerProductNtB4_4Norm4normCsamuIjRzSJNs_12construction
FN:34,_RNvXs0_NtNtCsiFWkA3lsyOJ_19persistent_homology8geometry5spaceNtB5_21EuclideanInnerProductNtB5_12InnerProduct3dot
FN:16,_RNvXININtNtCs8dwNsLmi5Ta_19persistent_homology8geometry5space0pEpNtB5_6Metric8distanceB9_
FN:23,_RNvXININtNtCs8dwNsLmi5Ta_19persistent_homology8geometry5spaces_0pEpNtB5_4Norm4normB9_
FN:34,_RNvXs0_NtNtCs8dwNsLmi5Ta_19persistent_homology8geometry5spaceNtB5_21EuclideanInnerProductNtB5_12InnerProduct3dot
FN:16,_RNvXNtNtCsiFWkA3lsyOJ_19persistent_homology8geometry5spaceNtB2_21EuclideanInnerProductNtB2_6Metric8distanceCs23SWFRkbj1x_23smallest_enclosing_ball
FN:23,_RNvXs_NtNtCsiFWkA3lsyOJ_19persistent_homology8geometry5spaceNtB4_21EuclideanInnerProductNtB4_4Norm4normCs23SWFRkbj1x_23smallest_enclosing_ball
FN:16,_RNvXNtNtCsiFWkA3lsyOJ_19persistent_homology8geometry5spaceNtB2_21EuclideanInnerProductNtB2_6Metric8distanceCskzxzpGyL7LD_8topology
FN:23,_RNvXs_NtNtCsiFWkA3lsyOJ_19persistent_homology8geometry5spaceNtB4_21EuclideanInnerProductNtB4_4Norm4normCskzxzpGyL7LD_8topology
FNDA:3554,_RNvXNtNtCsiFWkA3lsyOJ_19persistent_homology8geometry5spaceNtB2_21EuclideanInnerProductNtB2_6Metric8distanceCsamuIjRzSJNs_12construction
FNDA:3554,_RNvXs_NtNtCsiFWkA3lsyOJ_19persistent_homology8geometry5spaceNtB4_21EuclideanInnerProductNtB4_4Norm4normCsamuIjRzSJNs_12construction
FNDA:6897,_RNvXs0_NtNtCsiFWkA3lsyOJ_19persistent_homology8geometry5spaceNtB5_21EuclideanInnerProductNtB5_12InnerProduct3dot
FNDA:0,_RNvXININtNtCs8dwNsLmi5Ta_19persistent_homology8geometry5space0pEpNtB5_6Metric8distanceB9_
FNDA:0,_RNvXININtNtCs8dwNsLmi5Ta_19persistent_homology8geometry5spaces_0pEpNtB5_4Norm4normB9_
FNDA:0,_RNvXs0_NtNtCs8dwNsLmi5Ta_19persistent_homology8geometry5spaceNtB5_21EuclideanInnerProductNtB5_12InnerProduct3dot
FNDA:2019,_RNvXNtNtCsiFWkA3lsyOJ_19persistent_homology8geometry5spaceNtB2_21EuclideanInnerProductNtB2_6Metric8distanceCs23SWFRkbj1x_23smallest_enclosing_ball
FNDA:2019,_RNvXs_NtNtCsiFWkA3lsyOJ_19persistent_homology8geometry5spaceNtB4_21EuclideanInnerProductNtB4_4Norm4normCs23SWFRkbj1x_23smallest_enclosing_ball
FNDA:6,_RNvXNtNtCsiFWkA3lsyOJ_19persistent_homology8geometry5spaceNtB2_21EuclideanInnerProductNtB2_6Metric8distanceCskzxzpGyL7LD_8topology
FNDA:6,_RNvXs_NtNtCsiFWkA3lsyOJ_19persistent_homology8geometry5spaceNtB4_21EuclideanInnerProductNtB4_4Norm4normCskzxzpGyL7LD_8topology
FNF:3
FNH:3
DA:16,5579
DA:17,5579
DA:18,5579
DA:19,5579
DA:23,5579
DA:24,5579
DA:25,5579
DA:34,6897
DA:35,6897
DA:36,6897
BRF:0
BRH:0
LF:10
LH:10
end_of_record
SF:C:\Users\zigav\OneDrive\Dokumenti\GitHub\vietoris-rips-rust\src\io\csv.rs
FN:46,_RNCNvNtNtCsiFWkA3lsyOJ_19persistent_homology2io3csv21export_filtration_csv0B7_
FN:9,_RINvNtNtCs8dwNsLmi5Ta_19persistent_homology2io3csv22import_point_cloud_csvKppEB6_
FN:46,_RNCNvNtNtCs8dwNsLmi5Ta_19persistent_homology2io3csv21export_filtration_csv0B7_
FN:42,_RNvNtNtCs8dwNsLmi5Ta_19persistent_homology2io3csv21export_filtration_csv
FN:61,_RNvNtNtCs8dwNsLmi5Ta_19persistent_homology2io3csv22export_persistence_csv
FNDA:0,_RNCNvNtNtCsiFWkA3lsyOJ_19persistent_homology2io3csv21export_filtration_csv0B7_
FNDA:0,_RINvNtNtCs8dwNsLmi5Ta_19persistent_homology2io3csv22import_point_cloud_csvKppEB6_
FNDA:0,_RNCNvNtNtCs8dwNsLmi5Ta_19persistent_homology2io3csv21export_filtration_csv0B7_
FNDA:0,_RNvNtNtCs8dwNsLmi5Ta_19persistent_homology2io3csv21export_filtration_csv
FNDA:0,_RNvNtNtCs8dwNsLmi5Ta_19persistent_homology2io3csv22export_persistence_csv
FNF:4
FNH:0
DA:9,0
DA:10,0
DA:11,0
DA:12,0
DA:13,0
DA:14,0
DA:16,0
DA:17,0
DA:18,0
DA:19,0
DA:21,0
DA:23,0
DA:24,0
DA:26,0
DA:27,0
DA:28,0
DA:30,0
DA:32,0
DA:33,0
DA:36,0
DA:39,0
DA:40,0
DA:42,0
DA:43,0
DA:45,0
DA:46,0
DA:48,0
DA:49,0
DA:51,0
DA:52,0
DA:55,0
DA:58,0
DA:59,0
DA:61,0
DA:62,0
DA:63,0
DA:64,0
DA:65,0
DA:67,0
DA:68,0
DA:69,0
DA:70,0
DA:71,0
DA:72,0
DA:74,0
DA:76,0
DA:77,0
BRF:0
BRH:0
LF:48
LH:0
end_of_record
SF:C:\Users\zigav\OneDrive\Dokumenti\GitHub\vietoris-rips-rust\src\topology\filtration.rs
FN:44,_RNvMNtNtCsiFWkA3lsyOJ_19persistent_homology8topology10filtrationNtB2_10Filtration10complex_at
FN:32,_RNvMNtNtCsiFWkA3lsyOJ_19persistent_homology8topology10filtrationNtB2_10Filtration16simplices_of_dim
FN:24,_RNvMNtNtCsiFWkA3lsyOJ_19persistent_homology8topology10filtrationNtB2_10Filtration20max_filtration_value
FN:12,_RNvMNtNtCsiFWkA3lsyOJ_19persistent_homology8topology10filtrationNtB2_10Filtration3len
FN:8,_RNvMNtNtCsiFWkA3lsyOJ_19persistent_homology8topology10filtrationNtB2_10Filtration3new
FN:20,_RNvMNtNtCsiFWkA3lsyOJ_19persistent_homology8topology10filtrationNtB2_10Filtration7max_dim
FN:16,_RNvMNtNtCsiFWkA3lsyOJ_19persistent_homology8topology10filtrationNtB2_10Filtration8is_empty
FN:49,_RNCNvMNtNtCsiFWkA3lsyOJ_19persistent_homology8topology10filtrationNtB4_10Filtration10complex_at0B8_
FN:27,_RNCNvMNtNtCsiFWkA3lsyOJ_19persistent_homology8topology10filtrationNtB4_10Filtration20max_filtration_value0B8_
FN:21,_RNCNvMNtNtCsiFWkA3lsyOJ_19persistent_homology8topology10filtrationNtB4_10Filtration7max_dim0B8_
FN:49,_RNCNvMNtNtCs8dwNsLmi5Ta_19persistent_homology8topology10filtrationNtB4_10Filtration10complex_at0B8_
FN:27,_RNCNvMNtNtCs8dwNsLmi5Ta_19persistent_homology8topology10filtrationNtB4_10Filtration20max_filtration_value0B8_
FN:21,_RNCNvMNtNtCs8dwNsLmi5Ta_19persistent_homology8topology10filtrationNtB4_10Filtration7max_dim0B8_
FN:44,_RNvMNtNtCs8dwNsLmi5Ta_19persistent_homology8topology10filtrationNtB2_10Filtration10complex_at
FN:32,_RNvMNtNtCs8dwNsLmi5Ta_19persistent_homology8topology10filtrationNtB2_10Filtration16simplices_of_dim
FN:24,_RNvMNtNtCs8dwNsLmi5Ta_19persistent_homology8topology10filtrationNtB2_10Filtration20max_filtration_value
FN:12,_RNvMNtNtCs8dwNsLmi5Ta_19persistent_homology8topology10filtrationNtB2_10Filtration3len
FN:8,_RNvMNtNtCs8dwNsLmi5Ta_19persistent_homology8topology10filtrationNtB2_10Filtration3new
FN:20,_RNvMNtNtCs8dwNsLmi5Ta_19persistent_homology8topology10filtrationNtB2_10Filtration7max_dim
FN:16,_RNvMNtNtCs8dwNsLmi5Ta_19persistent_homology8topology10filtrationNtB2_10Filtration8is_empty
FNDA:0,_RNvMNtNtCsiFWkA3lsyOJ_19persistent_homology8topology10filtrationNtB2_10Filtration10complex_at
FNDA:22,_RNvMNtNtCsiFWkA3lsyOJ_19persistent_homology8topology10filtrationNtB2_10Filtration16simplices_of_dim
FNDA:4,_RNvMNtNtCsiFWkA3lsyOJ_19persistent_homology8topology10filtrationNtB2_10Filtration20max_filtration_value
FNDA:4,_RNvMNtNtCsiFWkA3lsyOJ_19persistent_homology8topology10filtrationNtB2_10Filtration3len
FNDA:10,_RNvMNtNtCsiFWkA3lsyOJ_19persistent_homology8topology10filtrationNtB2_10Filtration3new
FNDA:6,_RNvMNtNtCsiFWkA3lsyOJ_19persistent_homology8topology10filtrationNtB2_10Filtration7max_dim
FNDA:0,_RNvMNtNtCsiFWkA3lsyOJ_19persistent_homology8topology10filtrationNtB2_10Filtration8is_empty
FNDA:0,_RNCNvMNtNtCsiFWkA3lsyOJ_19persistent_homology8topology10filtrationNtB4_10Filtration10complex_at0B8_
FNDA:904,_RNCNvMNtNtCsiFWkA3lsyOJ_19persistent_homology8topology10filtrationNtB4_10Filtration20max_filtration_value0B8_
FNDA:922,_RNCNvMNtNtCsiFWkA3lsyOJ_19persistent_homology8topology10filtrationNtB4_10Filtration7max_dim0B8_
FNDA:0,_RNCNvMNtNtCs8dwNsLmi5Ta_19persistent_homology8topology10filtrationNtB4_10Filtration10complex_at0B8_
FNDA:0,_RNCNvMNtNtCs8dwNsLmi5Ta_19persistent_homology8topology10filtrationNtB4_10Filtration20max_filtration_value0B8_
FNDA:0,_RNCNvMNtNtCs8dwNsLmi5Ta_19persistent_homology8topology10filtrationNtB4_10Filtration7max_dim0B8_
FNDA:0,_RNvMNtNtCs8dwNsLmi5Ta_19persistent_homology8topology10filtrationNtB2_10Filtration10complex_at
FNDA:0,_RNvMNtNtCs8dwNsLmi5Ta_19persistent_homology8topology10filtrationNtB2_10Filtration16simplices_of_dim
FNDA:0,_RNvMNtNtCs8dwNsLmi5Ta_19persistent_homology8topology10filtrationNtB2_10Filtration20max_filtration_value
FNDA:0,_RNvMNtNtCs8dwNsLmi5Ta_19persistent_homology8topology10filtrationNtB2_10Filtration3len
FNDA:0,_RNvMNtNtCs8dwNsLmi5Ta_19persistent_homology8topology10filtrationNtB2_10Filtration3new
FNDA:0,_RNvMNtNtCs8dwNsLmi5Ta_19persistent_homology8topology10filtrationNtB2_10Filtration7max_dim
FNDA:0,_RNvMNtNtCs8dwNsLmi5Ta_19persistent_homology8topology10filtrationNtB2_10Filtration8is_empty
FNF:10
FNH:7
DA:8,10
DA:9,10
DA:10,10
DA:12,4
DA:13,4
DA:14,4
DA:16,0
DA:17,0
DA:18,0
DA:20,6
DA:21,922
DA:22,6
DA:24,4
DA:25,4
DA:26,4
DA:27,904
DA:28,4
DA:30,4
DA:32,22
DA:33,22
DA:34,3674
DA:35,3674
DA:36,2752
DA:37,922
DA:38,922
DA:40,22
DA:41,22
DA:44,0
DA:46,0
DA:47,0
DA:48,0
DA:49,0
DA:50,0
DA:51,0
DA:53,0
BRF:0
BRH:0
LF:38
LH:26
end_of_record
SF:C:\Users\zigav\OneDrive\Dokumenti\GitHub\vietoris-rips-rust\src\topology\simplex.rs
FN:19,_RINvXs0_NtNtCsiFWkA3lsyOJ_19persistent_homology8topology7simplexNtB6_7SimplexNtNtCs4TwWhthMkYr_4core4hash4Hash4hashNtNtNtCs2SKMtlA5baC_3std4hash6random13DefaultHasherEBa_
FN:34,_RNvMs1_NtNtCsiFWkA3lsyOJ_19persistent_homology8topology7simplexNtB5_7Simplex3dim
FN:25,_RNvMs1_NtNtCsiFWkA3lsyOJ_19persistent_homology8topology7simplexNtB5_7Simplex3new
FN:38,_RNvMs1_NtNtCsiFWkA3lsyOJ_19persistent_homology8topology7simplexNtB5_7Simplex8boundary
FN:10,_RNvXNtNtCsiFWkA3lsyOJ_19persistent_homology8topology7simplexNtB2_7SimplexNtNtCs4TwWhthMkYr_4core3cmp9PartialEq2eq
FN:70,_RNvNtNtNtCs8dwNsLmi5Ta_19persistent_homology8topology7simplex5testss_22test_simplex_dimension
FN:82,_RNvNtNtNtCs8dwNsLmi5Ta_19persistent_homology8topology7simplex5testss_23test_boundary_0_simplex
FN:89,_RNvNtNtNtCs8dwNsLmi5Ta_19persistent_homology8topology7simplex5testss_23test_boundary_1_simplex
FN:99,_RNvNtNtNtCs8dwNsLmi5Ta_19persistent_homology8topology7simplex5testss_23test_boundary_2_simplex
FN:63,_RNvNtNtNtCs8dwNsLmi5Ta_19persistent_homology8topology7simplex5testss_31test_simplex_new_sorts_vertices
FN:19,_RINvXs0_NtNtCs8dwNsLmi5Ta_19persistent_homology8topology7simplexNtB6_7SimplexNtNtCs4TwWhthMkYr_4core4hash4Hash4hashpEBa_
FN:34,_RNvMs1_NtNtCs8dwNsLmi5Ta_19persistent_homology8topology7simplexNtB5_7Simplex3dim
FN:25,_RNvMs1_NtNtCs8dwNsLmi5Ta_19persistent_homology8topology7simplexNtB5_7Simplex3new
FN:38,_RNvMs1_NtNtCs8dwNsLmi5Ta_19persistent_homology8topology7simplexNtB5_7Simplex8boundary
FN:10,_RNvXNtNtCs8dwNsLmi5Ta_19persistent_homology8topology7simplexNtB2_7SimplexNtNtCs4TwWhthMkYr_4core3cmp9PartialEq2eq
FNDA:0,_RINvXs0_NtNtCsiFWkA3lsyOJ_19persistent_homology8topology7simplexNtB6_7SimplexNtNtCs4TwWhthMkYr_4core4hash4Hash4hashNtNtNtCs2SKMtlA5baC_3std4hash6random13DefaultHasherEBa_
FNDA:16506,_RNvMs1_NtNtCsiFWkA3lsyOJ_19persistent_homology8topology7simplexNtB5_7Simplex3dim
FNDA:936,_RNvMs1_NtNtCsiFWkA3lsyOJ_19persistent_homology8topology7simplexNtB5_7Simplex3new
FNDA:0,_RNvMs1_NtNtCsiFWkA3lsyOJ_19persistent_homology8topology7simplexNtB5_7Simplex8boundary
FNDA:0,_RNvXNtNtCsiFWkA3lsyOJ_19persistent_homology8topology7simplexNtB2_7SimplexNtNtCs4TwWhthMkYr_4core3cmp9PartialEq2eq
FNDA:1,_RNvNtNtNtCs8dwNsLmi5Ta_19persistent_homology8topology7simplex5testss_22test_simplex_dimension
FNDA:1,_RNvNtNtNtCs8dwNsLmi5Ta_19persistent_homology8topology7simplex5testss_23test_boundary_0_simplex
FNDA:1,_RNvNtNtNtCs8dwNsLmi5Ta_19persistent_homology8topology7simplex5testss_23test_boundary_1_simplex
FNDA:1,_RNvNtNtNtCs8dwNsLmi5Ta_19persistent_homology8topology7simplex5testss_23test_boundary_2_simplex
FNDA:1,_RNvNtNtNtCs8dwNsLmi5Ta_19persistent_homology8topology7simplex5testss_31test_simplex_new_sorts_vertices
FNDA:0,_RINvXs0_NtNtCs8dwNsLmi5Ta_19persistent_homology8topology7simplexNtB6_7SimplexNtNtCs4TwWhthMkYr_4core4hash4Hash4hashpEBa_
FNDA:3,_RNvMs1_NtNtCs8dwNsLmi5Ta_19persistent_homology8topology7simplexNtB5_7Simplex3dim
FNDA:17,_RNvMs1_NtNtCs8dwNsLmi5Ta_19persistent_homology8topology7simplexNtB5_7Simplex3new
FNDA:3,_RNvMs1_NtNtCs8dwNsLmi5Ta_19persistent_homology8topology7simplexNtB5_7Simplex8boundary
FNDA:5,_RNvXNtNtCs8dwNsLmi5Ta_19persistent_homology8topology7simplexNtB2_7SimplexNtNtCs4TwWhthMkYr_4core3cmp9PartialEq2eq
FNF:10
FNH:9
DA:10,5
DA:11,5
DA:12,5
DA:19,0
DA:20,0
DA:21,0
DA:25,953
DA:26,953
DA:27,953
DA:28,953
DA:29,953
DA:30,953
DA:31,953
DA:32,953
DA:34,16509
DA:35,16509
DA:36,16509
DA:38,3
DA:39,3
DA:40,3
DA:41,6
DA:42,6
DA:43,6
DA:44,6
DA:45,5
DA:46,5
DA:47,5
DA:48,1
DA:50,3
DA:51,3
DA:63,1
DA:64,1
DA:65,1
DA:66,1
DA:67,1
DA:70,1
DA:71,1
DA:72,1
DA:74,1
DA:75,1
DA:77,1
DA:78,1
DA:79,1
DA:82,1
DA:83,1
DA:84,1
DA:85,1
DA:86,1
DA:89,1
DA:90,1
DA:91,1
DA:92,1
DA:94,1
DA:95,1
DA:96,1
DA:99,1
DA:100,1
DA:101,1
DA:102,1
DA:104,1
DA:105,1
DA:106,1
DA:107,1
BRF:0
BRH:0
LF:63
LH:60
end_of_record